[ 2015-11-29T11:48:50+08:00 ] ::1 /sist/
INFO: [ app_init ] --START--
INFO: Run Behavior\BuildLiteBehavior [ RunTime:0.000234s ]
INFO: [ app_init ] --END-- [ RunTime:0.001363s ]
INFO: [ app_begin ] --START--
INFO: Run Behavior\ReadHtmlCacheBehavior [ RunTime:0.000533s ]
INFO: [ app_begin ] --END-- [ RunTime:0.000573s ]
INFO: [ view_parse ] --START--
INFO: [ template_filter ] --START--
INFO: Run Behavior\ContentReplaceBehavior [ RunTime:0.000049s ]
INFO: [ template_filter ] --END-- [ RunTime:0.000088s ]
NOTIC: [8] Use of undefined constant SITE_URL - assumed 'SITE_URL' /Applications/XAMPP/xamppfiles/htdocs/sist/Application/Runtime/Cache/Home/2a94b8bda04ff446dcedd42276fc99ee.php 第 8 行.
NOTIC: [8] Use of undefined constant SITE_URL - assumed 'SITE_URL' /Applications/XAMPP/xamppfiles/htdocs/sist/Application/Runtime/Cache/Home/2a94b8bda04ff446dcedd42276fc99ee.php 第 11 行.
NOTIC: [8] Use of undefined constant SITE_URL - assumed 'SITE_URL' /Applications/XAMPP/xamppfiles/htdocs/sist/Application/Runtime/Cache/Home/2a94b8bda04ff446dcedd42276fc99ee.php 第 14 行.
NOTIC: [8] Use of undefined constant SITE_URL - assumed 'SITE_URL' /Applications/XAMPP/xamppfiles/htdocs/sist/Application/Runtime/Cache/Home/2a94b8bda04ff446dcedd42276fc99ee.php 第 17 行.
NOTIC: [8] Use of undefined constant SITE_URL - assumed 'SITE_URL' /Applications/XAMPP/xamppfiles/htdocs/sist/Application/Runtime/Cache/Home/2a94b8bda04ff446dcedd42276fc99ee.php 第 20 行.
NOTIC: [8] Use of undefined constant SITE_URL - assumed 'SITE_URL' /Applications/XAMPP/xamppfiles/htdocs/sist/Application/Runtime/Cache/Home/2a94b8bda04ff446dcedd42276fc99ee.php 第 23 行.
NOTIC: [8] Use of undefined constant SITE_URL - assumed 'SITE_URL' /Applications/XAMPP/xamppfiles/htdocs/sist/Application/Runtime/Cache/Home/2a94b8bda04ff446dcedd42276fc99ee.php 第 47 行.
NOTIC: [8] Use of undefined constant SITE_URL - assumed 'SITE_URL' /Applications/XAMPP/xamppfiles/htdocs/sist/Application/Runtime/Cache/Home/2a94b8bda04ff446dcedd42276fc99ee.php 第 110 行.
NOTIC: [8] Use of undefined constant SITE_URL - assumed 'SITE_URL' /Applications/XAMPP/xamppfiles/htdocs/sist/Application/Runtime/Cache/Home/2a94b8bda04ff446dcedd42276fc99ee.php 第 113 行.
NOTIC: [8] Use of undefined constant SITE_URL - assumed 'SITE_URL' /Applications/XAMPP/xamppfiles/htdocs/sist/Application/Runtime/Cache/Home/2a94b8bda04ff446dcedd42276fc99ee.php 第 116 行.
NOTIC: [8] Use of undefined constant SITE_URL - assumed 'SITE_URL' /Applications/XAMPP/xamppfiles/htdocs/sist/Application/Runtime/Cache/Home/2a94b8bda04ff446dcedd42276fc99ee.php 第 124 行.
NOTIC: [8] Use of undefined constant SITE_URL - assumed 'SITE_URL' /Applications/XAMPP/xamppfiles/htdocs/sist/Application/Runtime/Cache/Home/2a94b8bda04ff446dcedd42276fc99ee.php 第 125 行.
NOTIC: [8] Use of undefined constant SITE_URL - assumed 'SITE_URL' /Applications/XAMPP/xamppfiles/htdocs/sist/Application/Runtime/Cache/Home/2a94b8bda04ff446dcedd42276fc99ee.php 第 126 行.
NOTIC: [8] Use of undefined constant SITE_URL - assumed 'SITE_URL' /Applications/XAMPP/xamppfiles/htdocs/sist/Application/Runtime/Cache/Home/2a94b8bda04ff446dcedd42276fc99ee.php 第 127 行.
NOTIC: [8] Use of undefined constant SITE_URL - assumed 'SITE_URL' /Applications/XAMPP/xamppfiles/htdocs/sist/Application/Runtime/Cache/Home/2a94b8bda04ff446dcedd42276fc99ee.php 第 130 行.
NOTIC: [8] Use of undefined constant SITE_URL - assumed 'SITE_URL' /Applications/XAMPP/xamppfiles/htdocs/sist/Application/Runtime/Cache/Home/2a94b8bda04ff446dcedd42276fc99ee.php 第 131 行.
NOTIC: [8] Use of undefined constant SITE_URL - assumed 'SITE_URL' /Applications/XAMPP/xamppfiles/htdocs/sist/Application/Runtime/Cache/Home/2a94b8bda04ff446dcedd42276fc99ee.php 第 132 行.
NOTIC: [8] Use of undefined constant SITE_URL - assumed 'SITE_URL' /Applications/XAMPP/xamppfiles/htdocs/sist/Application/Runtime/Cache/Home/2a94b8bda04ff446dcedd42276fc99ee.php 第 133 行.
NOTIC: [8] Use of undefined constant SITE_URL - assumed 'SITE_URL' /Applications/XAMPP/xamppfiles/htdocs/sist/Application/Runtime/Cache/Home/2a94b8bda04ff446dcedd42276fc99ee.php 第 211 行.
NOTIC: [8] Use of undefined constant SITE_URL - assumed 'SITE_URL' /Applications/XAMPP/xamppfiles/htdocs/sist/Application/Runtime/Cache/Home/2a94b8bda04ff446dcedd42276fc99ee.php 第 215 行.
NOTIC: [8] Use of undefined constant SITE_URL - assumed 'SITE_URL' /Applications/XAMPP/xamppfiles/htdocs/sist/Application/Runtime/Cache/Home/2a94b8bda04ff446dcedd42276fc99ee.php 第 219 行.
NOTIC: [8] Use of undefined constant SITE_URL - assumed 'SITE_URL' /Applications/XAMPP/xamppfiles/htdocs/sist/Application/Runtime/Cache/Home/2a94b8bda04ff446dcedd42276fc99ee.php 第 279 行.
NOTIC: [8] Use of undefined constant SITE_URL - assumed 'SITE_URL' /Applications/XAMPP/xamppfiles/htdocs/sist/Application/Runtime/Cache/Home/2a94b8bda04ff446dcedd42276fc99ee.php 第 280 行.
NOTIC: [8] Use of undefined constant SITE_URL - assumed 'SITE_URL' /Applications/XAMPP/xamppfiles/htdocs/sist/Application/Runtime/Cache/Home/2a94b8bda04ff446dcedd42276fc99ee.php 第 281 行.
NOTIC: [8] Use of undefined constant SITE_URL - assumed 'SITE_URL' /Applications/XAMPP/xamppfiles/htdocs/sist/Application/Runtime/Cache/Home/2a94b8bda04ff446dcedd42276fc99ee.php 第 282 行.
NOTIC: [8] Use of undefined constant SITE_URL - assumed 'SITE_URL' /Applications/XAMPP/xamppfiles/htdocs/sist/Application/Runtime/Cache/Home/2a94b8bda04ff446dcedd42276fc99ee.php 第 376 行.
NOTIC: [8] Use of undefined constant SITE_URL - assumed 'SITE_URL' /Applications/XAMPP/xamppfiles/htdocs/sist/Application/Runtime/Cache/Home/2a94b8bda04ff446dcedd42276fc99ee.php 第 418 行.
INFO: Run Behavior\ParseTemplateBehavior [ RunTime:0.016496s ]
INFO: [ view_parse ] --END-- [ RunTime:0.016546s ]
INFO: [ view_filter ] --START--
INFO: Run Behavior\WriteHtmlCacheBehavior [ RunTime:0.000396s ]
INFO: [ view_filter ] --END-- [ RunTime:0.000432s ]
INFO: [ app_end ] --START--
INFO: Run Behavior\ShowPageTraceBehavior [ RunTime:0.000872s ]
INFO: [ app_end ] --END-- [ RunTime:0.001544s ]

[ 2015-11-29T11:49:22+08:00 ] ::1 /sist/
INFO: [ app_init ] --START--
INFO: Run Behavior\BuildLiteBehavior [ RunTime:0.000014s ]
INFO: [ app_init ] --END-- [ RunTime:0.000522s ]
INFO: [ app_begin ] --START--
INFO: Run Behavior\ReadHtmlCacheBehavior [ RunTime:0.000675s ]
INFO: [ app_begin ] --END-- [ RunTime:0.000739s ]
INFO: [ view_parse ] --START--
INFO: [ template_filter ] --START--
INFO: Run Behavior\ContentReplaceBehavior [ RunTime:0.000048s ]
INFO: [ template_filter ] --END-- [ RunTime:0.000085s ]
NOTIC: [8] Use of undefined constant SITE_URL - assumed 'SITE_URL' /Applications/XAMPP/xamppfiles/htdocs/sist/Application/Runtime/Cache/Home/2a94b8bda04ff446dcedd42276fc99ee.php 第 11 行.
NOTIC: [8] Use of undefined constant SITE_URL - assumed 'SITE_URL' /Applications/XAMPP/xamppfiles/htdocs/sist/Application/Runtime/Cache/Home/2a94b8bda04ff446dcedd42276fc99ee.php 第 14 行.
NOTIC: [8] Use of undefined constant SITE_URL - assumed 'SITE_URL' /Applications/XAMPP/xamppfiles/htdocs/sist/Application/Runtime/Cache/Home/2a94b8bda04ff446dcedd42276fc99ee.php 第 17 行.
NOTIC: [8] Use of undefined constant SITE_URL - assumed 'SITE_URL' /Applications/XAMPP/xamppfiles/htdocs/sist/Application/Runtime/Cache/Home/2a94b8bda04ff446dcedd42276fc99ee.php 第 20 行.
NOTIC: [8] Use of undefined constant SITE_URL - assumed 'SITE_URL' /Applications/XAMPP/xamppfiles/htdocs/sist/Application/Runtime/Cache/Home/2a94b8bda04ff446dcedd42276fc99ee.php 第 23 行.
NOTIC: [8] Use of undefined constant SITE_URL - assumed 'SITE_URL' /Applications/XAMPP/xamppfiles/htdocs/sist/Application/Runtime/Cache/Home/2a94b8bda04ff446dcedd42276fc99ee.php 第 47 行.
NOTIC: [8] Use of undefined constant SITE_URL - assumed 'SITE_URL' /Applications/XAMPP/xamppfiles/htdocs/sist/Application/Runtime/Cache/Home/2a94b8bda04ff446dcedd42276fc99ee.php 第 110 行.
NOTIC: [8] Use of undefined constant SITE_URL - assumed 'SITE_URL' /Applications/XAMPP/xamppfiles/htdocs/sist/Application/Runtime/Cache/Home/2a94b8bda04ff446dcedd42276fc99ee.php 第 113 行.
NOTIC: [8] Use of undefined constant SITE_URL - assumed 'SITE_URL' /Applications/XAMPP/xamppfiles/htdocs/sist/Application/Runtime/Cache/Home/2a94b8bda04ff446dcedd42276fc99ee.php 第 116 行.
NOTIC: [8] Use of undefined constant SITE_URL - assumed 'SITE_URL' /Applications/XAMPP/xamppfiles/htdocs/sist/Application/Runtime/Cache/Home/2a94b8bda04ff446dcedd42276fc99ee.php 第 124 行.
NOTIC: [8] Use of undefined constant SITE_URL - assumed 'SITE_URL' /Applications/XAMPP/xamppfiles/htdocs/sist/Application/Runtime/Cache/Home/2a94b8bda04ff446dcedd42276fc99ee.php 第 125 行.
NOTIC: [8] Use of undefined constant SITE_URL - assumed 'SITE_URL' /Applications/XAMPP/xamppfiles/htdocs/sist/Application/Runtime/Cache/Home/2a94b8bda04ff446dcedd42276fc99ee.php 第 126 行.
NOTIC: [8] Use of undefined constant SITE_URL - assumed 'SITE_URL' /Applications/XAMPP/xamppfiles/htdocs/sist/Application/Runtime/Cache/Home/2a94b8bda04ff446dcedd42276fc99ee.php 第 127 行.
NOTIC: [8] Use of undefined constant SITE_URL - assumed 'SITE_URL' /Applications/XAMPP/xamppfiles/htdocs/sist/Application/Runtime/Cache/Home/2a94b8bda04ff446dcedd42276fc99ee.php 第 130 行.
NOTIC: [8] Use of undefined constant SITE_URL - assumed 'SITE_URL' /Applications/XAMPP/xamppfiles/htdocs/sist/Application/Runtime/Cache/Home/2a94b8bda04ff446dcedd42276fc99ee.php 第 131 行.
NOTIC: [8] Use of undefined constant SITE_URL - assumed 'SITE_URL' /Applications/XAMPP/xamppfiles/htdocs/sist/Application/Runtime/Cache/Home/2a94b8bda04ff446dcedd42276fc99ee.php 第 132 行.
NOTIC: [8] Use of undefined constant SITE_URL - assumed 'SITE_URL' /Applications/XAMPP/xamppfiles/htdocs/sist/Application/Runtime/Cache/Home/2a94b8bda04ff446dcedd42276fc99ee.php 第 133 行.
NOTIC: [8] Use of undefined constant SITE_URL - assumed 'SITE_URL' /Applications/XAMPP/xamppfiles/htdocs/sist/Application/Runtime/Cache/Home/2a94b8bda04ff446dcedd42276fc99ee.php 第 211 行.
NOTIC: [8] Use of undefined constant SITE_URL - assumed 'SITE_URL' /Applications/XAMPP/xamppfiles/htdocs/sist/Application/Runtime/Cache/Home/2a94b8bda04ff446dcedd42276fc99ee.php 第 215 行.
NOTIC: [8] Use of undefined constant SITE_URL - assumed 'SITE_URL' /Applications/XAMPP/xamppfiles/htdocs/sist/Application/Runtime/Cache/Home/2a94b8bda04ff446dcedd42276fc99ee.php 第 219 行.
NOTIC: [8] Use of undefined constant SITE_URL - assumed 'SITE_URL' /Applications/XAMPP/xamppfiles/htdocs/sist/Application/Runtime/Cache/Home/2a94b8bda04ff446dcedd42276fc99ee.php 第 279 行.
NOTIC: [8] Use of undefined constant SITE_URL - assumed 'SITE_URL' /Applications/XAMPP/xamppfiles/htdocs/sist/Application/Runtime/Cache/Home/2a94b8bda04ff446dcedd42276fc99ee.php 第 280 行.
NOTIC: [8] Use of undefined constant SITE_URL - assumed 'SITE_URL' /Applications/XAMPP/xamppfiles/htdocs/sist/Application/Runtime/Cache/Home/2a94b8bda04ff446dcedd42276fc99ee.php 第 281 行.
NOTIC: [8] Use of undefined constant SITE_URL - assumed 'SITE_URL' /Applications/XAMPP/xamppfiles/htdocs/sist/Application/Runtime/Cache/Home/2a94b8bda04ff446dcedd42276fc99ee.php 第 282 行.
NOTIC: [8] Use of undefined constant SITE_URL - assumed 'SITE_URL' /Applications/XAMPP/xamppfiles/htdocs/sist/Application/Runtime/Cache/Home/2a94b8bda04ff446dcedd42276fc99ee.php 第 376 行.
NOTIC: [8] Use of undefined constant SITE_URL - assumed 'SITE_URL' /Applications/XAMPP/xamppfiles/htdocs/sist/Application/Runtime/Cache/Home/2a94b8bda04ff446dcedd42276fc99ee.php 第 418 行.
INFO: Run Behavior\ParseTemplateBehavior [ RunTime:0.007991s ]
INFO: [ view_parse ] --END-- [ RunTime:0.008021s ]
INFO: [ view_filter ] --START--
INFO: Run Behavior\WriteHtmlCacheBehavior [ RunTime:0.000330s ]
INFO: [ view_filter ] --END-- [ RunTime:0.000364s ]
INFO: [ app_end ] --START--
INFO: Run Behavior\ShowPageTraceBehavior [ RunTime:0.000613s ]
INFO: [ app_end ] --END-- [ RunTime:0.000696s ]

[ 2015-11-29T11:49:42+08:00 ] ::1 /sist/
INFO: [ app_init ] --START--
INFO: Run Behavior\BuildLiteBehavior [ RunTime:0.000020s ]
INFO: [ app_init ] --END-- [ RunTime:0.000399s ]
INFO: [ app_begin ] --START--
INFO: Run Behavior\ReadHtmlCacheBehavior [ RunTime:0.000928s ]
INFO: [ app_begin ] --END-- [ RunTime:0.001019s ]
INFO: [ view_parse ] --START--
INFO: [ template_filter ] --START--
INFO: Run Behavior\ContentReplaceBehavior [ RunTime:0.000120s ]
INFO: [ template_filter ] --END-- [ RunTime:0.000170s ]
INFO: Run Behavior\ParseTemplateBehavior [ RunTime:0.015642s ]
INFO: [ view_parse ] --END-- [ RunTime:0.015704s ]
INFO: [ view_filter ] --START--
INFO: Run Behavior\WriteHtmlCacheBehavior [ RunTime:0.000312s ]
INFO: [ view_filter ] --END-- [ RunTime:0.000343s ]
INFO: [ app_end ] --START--
INFO: Run Behavior\ShowPageTraceBehavior [ RunTime:0.002095s ]
INFO: [ app_end ] --END-- [ RunTime:0.002151s ]

[ 2015-11-29T12:24:20+08:00 ] ::1 /sist/
INFO: [ app_init ] --START--
INFO: Run Behavior\BuildLiteBehavior [ RunTime:0.000834s ]
INFO: [ app_init ] --END-- [ RunTime:0.003210s ]
INFO: [ app_begin ] --START--
INFO: Run Behavior\ReadHtmlCacheBehavior [ RunTime:0.002323s ]
INFO: [ app_begin ] --END-- [ RunTime:0.002435s ]
INFO: [ view_parse ] --START--
INFO: [ template_filter ] --START--
INFO: Run Behavior\ContentReplaceBehavior [ RunTime:0.000082s ]
INFO: [ template_filter ] --END-- [ RunTime:0.000143s ]
INFO: Run Behavior\ParseTemplateBehavior [ RunTime:0.028618s ]
INFO: [ view_parse ] --END-- [ RunTime:0.028702s ]
INFO: [ view_filter ] --START--
INFO: Run Behavior\WriteHtmlCacheBehavior [ RunTime:0.000623s ]
INFO: [ view_filter ] --END-- [ RunTime:0.000674s ]
INFO: [ app_end ] --START--
INFO: Run Behavior\ShowPageTraceBehavior [ RunTime:0.000937s ]
INFO: [ app_end ] --END-- [ RunTime:0.001015s ]

[ 2015-11-29T21:00:31+08:00 ] ::1 /sist/
INFO: [ app_init ] --START--
INFO: Run Behavior\BuildLiteBehavior [ RunTime:0.000228s ]
INFO: [ app_init ] --END-- [ RunTime:0.001577s ]
INFO: [ app_begin ] --START--
INFO: Run Behavior\ReadHtmlCacheBehavior [ RunTime:0.000816s ]
INFO: [ app_begin ] --END-- [ RunTime:0.000876s ]
INFO: [ view_parse ] --START--
INFO: [ template_filter ] --START--
INFO: Run Behavior\ContentReplaceBehavior [ RunTime:0.000064s ]
INFO: [ template_filter ] --END-- [ RunTime:0.000105s ]
INFO: Run Behavior\ParseTemplateBehavior [ RunTime:0.011010s ]
INFO: [ view_parse ] --END-- [ RunTime:0.011097s ]
INFO: [ view_filter ] --START--
INFO: Run Behavior\WriteHtmlCacheBehavior [ RunTime:0.000439s ]
INFO: [ view_filter ] --END-- [ RunTime:0.000482s ]
INFO: [ app_end ] --START--
INFO: Run Behavior\ShowPageTraceBehavior [ RunTime:0.001227s ]
INFO: [ app_end ] --END-- [ RunTime:0.001358s ]

[ 2015-11-29T21:00:56+08:00 ] ::1 /sist/
INFO: [ app_init ] --START--
INFO: Run Behavior\BuildLiteBehavior [ RunTime:0.000013s ]
INFO: [ app_init ] --END-- [ RunTime:0.000253s ]
INFO: [ app_begin ] --START--
INFO: Run Behavior\ReadHtmlCacheBehavior [ RunTime:0.000264s ]
INFO: [ app_begin ] --END-- [ RunTime:0.000293s ]
INFO: [ view_parse ] --START--
INFO: [ template_filter ] --START--
INFO: Run Behavior\ContentReplaceBehavior [ RunTime:0.000048s ]
INFO: [ template_filter ] --END-- [ RunTime:0.000082s ]
INFO: Run Behavior\ParseTemplateBehavior [ RunTime:0.006089s ]
INFO: [ view_parse ] --END-- [ RunTime:0.006128s ]
INFO: [ view_filter ] --START--
INFO: Run Behavior\WriteHtmlCacheBehavior [ RunTime:0.000095s ]
INFO: [ view_filter ] --END-- [ RunTime:0.000114s ]
INFO: [ app_end ] --START--
INFO: Run Behavior\ShowPageTraceBehavior [ RunTime:0.000321s ]
INFO: [ app_end ] --END-- [ RunTime:0.000351s ]

[ 2015-11-29T21:00:59+08:00 ] ::1 /sist/
INFO: [ app_init ] --START--
INFO: Run Behavior\BuildLiteBehavior [ RunTime:0.000012s ]
INFO: [ app_init ] --END-- [ RunTime:0.000249s ]
INFO: [ app_begin ] --START--
INFO: Run Behavior\ReadHtmlCacheBehavior [ RunTime:0.000303s ]
INFO: [ app_begin ] --END-- [ RunTime:0.000337s ]
INFO: [ view_parse ] --START--
INFO: [ template_filter ] --START--
INFO: Run Behavior\ContentReplaceBehavior [ RunTime:0.000058s ]
INFO: [ template_filter ] --END-- [ RunTime:0.000094s ]
INFO: Run Behavior\ParseTemplateBehavior [ RunTime:0.006576s ]
INFO: [ view_parse ] --END-- [ RunTime:0.006623s ]
INFO: [ view_filter ] --START--
INFO: Run Behavior\WriteHtmlCacheBehavior [ RunTime:0.000100s ]
INFO: [ view_filter ] --END-- [ RunTime:0.000121s ]
INFO: [ app_end ] --START--
INFO: Run Behavior\ShowPageTraceBehavior [ RunTime:0.000420s ]
INFO: [ app_end ] --END-- [ RunTime:0.000454s ]

