[ 2015-12-03T13:18:01+08:00 ] ::1 /sist/
INFO: [ app_init ] --START--
INFO: Run Behavior\BuildLiteBehavior [ RunTime:0.000015s ]
INFO: [ app_init ] --END-- [ RunTime:0.001980s ]
INFO: [ app_begin ] --START--
INFO: Run Behavior\ReadHtmlCacheBehavior [ RunTime:0.000566s ]
INFO: [ app_begin ] --END-- [ RunTime:0.000627s ]
NOTIC: [8192] mysql_connect(): The mysql extension is deprecated and will be removed in the future: use mysqli or PDO instead /Applications/XAMPP/xamppfiles/htdocs/sist/ThinkPHP/Library/Think/Db/Driver/Mysql.class.php 第 52 行.
SQL: SHOW COLUMNS FROM `sist_news` [ RunTime:0.029532s ]
SQL: SELECT `id`,`title` FROM `sist_news` WHERE ( sortid=2 ) ORDER BY id desc LIMIT 0,9   [ RunTime:0.020745s ]
SQL: SELECT `id`,`title` FROM `sist_news` WHERE ( sortid=3 ) ORDER BY id desc LIMIT 0,9   [ RunTime:0.000463s ]
SQL: SELECT `id`,`title` FROM `sist_news` WHERE ( sortid=4 ) ORDER BY id desc LIMIT 0,8   [ RunTime:0.061849s ]
NOTIC: [8] Use of undefined constant index - assumed 'index' /Applications/XAMPP/xamppfiles/htdocs/sist/Application/Home/Controller/IndexController.class.php 第 13 行.
INFO: [ view_parse ] --START--
INFO: [ template_filter ] --START--
INFO: Run Behavior\ContentReplaceBehavior [ RunTime:0.000075s ]
INFO: [ template_filter ] --END-- [ RunTime:0.000139s ]
INFO: Run Behavior\ParseTemplateBehavior [ RunTime:0.060930s ]
INFO: [ view_parse ] --END-- [ RunTime:0.061020s ]
INFO: [ view_filter ] --START--
INFO: Run Behavior\WriteHtmlCacheBehavior [ RunTime:0.001374s ]
INFO: [ view_filter ] --END-- [ RunTime:0.001425s ]
INFO: [ app_end ] --START--
INFO: Run Behavior\ShowPageTraceBehavior [ RunTime:0.001015s ]
INFO: [ app_end ] --END-- [ RunTime:0.001081s ]

[ 2015-12-03T13:18:01+08:00 ] ::1 /sist/
INFO: [ app_init ] --START--
INFO: Run Behavior\BuildLiteBehavior [ RunTime:0.000019s ]
INFO: [ app_init ] --END-- [ RunTime:0.000561s ]
INFO: [ app_begin ] --START--
INFO: Run Behavior\ReadHtmlCacheBehavior [ RunTime:0.000507s ]
INFO: [ app_begin ] --END-- [ RunTime:0.000574s ]
NOTIC: [8192] mysql_connect(): The mysql extension is deprecated and will be removed in the future: use mysqli or PDO instead /Applications/XAMPP/xamppfiles/htdocs/sist/ThinkPHP/Library/Think/Db/Driver/Mysql.class.php 第 52 行.
SQL: SHOW COLUMNS FROM `sist_news` [ RunTime:0.001418s ]
SQL: SELECT `id`,`title` FROM `sist_news` WHERE ( sortid=2 ) ORDER BY id desc LIMIT 0,9   [ RunTime:0.000999s ]
SQL: SELECT `id`,`title` FROM `sist_news` WHERE ( sortid=3 ) ORDER BY id desc LIMIT 0,9   [ RunTime:0.000334s ]
SQL: SELECT `id`,`title` FROM `sist_news` WHERE ( sortid=4 ) ORDER BY id desc LIMIT 0,8   [ RunTime:0.001907s ]
NOTIC: [8] Use of undefined constant index - assumed 'index' /Applications/XAMPP/xamppfiles/htdocs/sist/Application/Home/Controller/IndexController.class.php 第 13 行.
INFO: [ view_parse ] --START--
INFO: [ template_filter ] --START--
INFO: Run Behavior\ContentReplaceBehavior [ RunTime:0.000104s ]
INFO: [ template_filter ] --END-- [ RunTime:0.000174s ]
INFO: Run Behavior\ParseTemplateBehavior [ RunTime:0.014621s ]
INFO: [ view_parse ] --END-- [ RunTime:0.014692s ]
INFO: [ view_filter ] --START--
INFO: Run Behavior\WriteHtmlCacheBehavior [ RunTime:0.000153s ]
INFO: [ view_filter ] --END-- [ RunTime:0.000189s ]
INFO: [ app_end ] --START--
INFO: Run Behavior\ShowPageTraceBehavior [ RunTime:0.001704s ]
INFO: [ app_end ] --END-- [ RunTime:0.001798s ]

