[ 2015-12-07T21:21:57+08:00 ] ::1 /sist/
INFO: [ app_init ] --START--
INFO: Run Behavior\BuildLiteBehavior [ RunTime:0.000016s ]
INFO: [ app_init ] --END-- [ RunTime:0.001204s ]
INFO: [ app_begin ] --START--
INFO: Run Behavior\ReadHtmlCacheBehavior [ RunTime:0.000581s ]
INFO: [ app_begin ] --END-- [ RunTime:0.000621s ]
NOTIC: [8192] mysql_connect(): The mysql extension is deprecated and will be removed in the future: use mysqli or PDO instead /Applications/XAMPP/xamppfiles/htdocs/sist/ThinkPHP/Library/Think/Db/Driver/Mysql.class.php 第 52 行.
SQL: SHOW COLUMNS FROM `sist_news` [ RunTime:0.020444s ]
SQL: SELECT `id`,`title` FROM `sist_news` WHERE ( sortid=2 ) ORDER BY id desc LIMIT 0,9   [ RunTime:0.016743s ]
SQL: SELECT `id`,`title` FROM `sist_news` WHERE ( sortid=3 ) ORDER BY id desc LIMIT 0,9   [ RunTime:0.001411s ]
SQL: SELECT `id`,`title` FROM `sist_news` WHERE ( sortid=4 ) ORDER BY id desc LIMIT 0,8   [ RunTime:0.049125s ]
NOTIC: [8] Use of undefined constant index - assumed 'index' /Applications/XAMPP/xamppfiles/htdocs/sist/Application/Home/Controller/IndexController.class.php 第 13 行.
INFO: [ view_parse ] --START--
INFO: [ template_filter ] --START--
INFO: Run Behavior\ContentReplaceBehavior [ RunTime:0.000044s ]
INFO: [ template_filter ] --END-- [ RunTime:0.000084s ]
INFO: Run Behavior\ParseTemplateBehavior [ RunTime:0.012797s ]
INFO: [ view_parse ] --END-- [ RunTime:0.012896s ]
INFO: [ view_filter ] --START--
INFO: Run Behavior\WriteHtmlCacheBehavior [ RunTime:0.000417s ]
INFO: [ view_filter ] --END-- [ RunTime:0.000451s ]
INFO: [ app_end ] --START--
INFO: Run Behavior\ShowPageTraceBehavior [ RunTime:0.000607s ]
INFO: [ app_end ] --END-- [ RunTime:0.000653s ]

[ 2015-12-07T21:24:20+08:00 ] ::1 /sist/
INFO: [ app_init ] --START--
INFO: Run Behavior\BuildLiteBehavior [ RunTime:0.000015s ]
INFO: [ app_init ] --END-- [ RunTime:0.000358s ]
INFO: [ app_begin ] --START--
INFO: Run Behavior\ReadHtmlCacheBehavior [ RunTime:0.001204s ]
INFO: [ app_begin ] --END-- [ RunTime:0.001263s ]
NOTIC: [8192] mysql_connect(): The mysql extension is deprecated and will be removed in the future: use mysqli or PDO instead /Applications/XAMPP/xamppfiles/htdocs/sist/ThinkPHP/Library/Think/Db/Driver/Mysql.class.php 第 52 行.
SQL: SHOW COLUMNS FROM `sist_news` [ RunTime:0.005623s ]
SQL: SELECT `id`,`title` FROM `sist_news` WHERE ( sortid=2 ) ORDER BY id desc LIMIT 0,9   [ RunTime:0.001332s ]
SQL: SELECT `id`,`title` FROM `sist_news` WHERE ( sortid=3 ) ORDER BY id desc LIMIT 0,9   [ RunTime:0.000336s ]
SQL: SELECT `id`,`title` FROM `sist_news` WHERE ( sortid=4 ) ORDER BY id desc LIMIT 0,8   [ RunTime:0.001658s ]
NOTIC: [8] Use of undefined constant index - assumed 'index' /Applications/XAMPP/xamppfiles/htdocs/sist/Application/Home/Controller/IndexController.class.php 第 13 行.
INFO: [ view_parse ] --START--
INFO: [ template_filter ] --START--
INFO: Run Behavior\ContentReplaceBehavior [ RunTime:0.000042s ]
INFO: [ template_filter ] --END-- [ RunTime:0.000079s ]
INFO: Run Behavior\ParseTemplateBehavior [ RunTime:0.009837s ]
INFO: [ view_parse ] --END-- [ RunTime:0.009912s ]
INFO: [ view_filter ] --START--
INFO: Run Behavior\WriteHtmlCacheBehavior [ RunTime:0.000172s ]
INFO: [ view_filter ] --END-- [ RunTime:0.000197s ]
INFO: [ app_end ] --START--
INFO: Run Behavior\ShowPageTraceBehavior [ RunTime:0.000618s ]
INFO: [ app_end ] --END-- [ RunTime:0.000682s ]

[ 2015-12-07T21:24:22+08:00 ] ::1 /sist/
INFO: [ app_init ] --START--
INFO: Run Behavior\BuildLiteBehavior [ RunTime:0.000009s ]
INFO: [ app_init ] --END-- [ RunTime:0.000181s ]
INFO: [ app_begin ] --START--
INFO: Run Behavior\ReadHtmlCacheBehavior [ RunTime:0.000224s ]
INFO: [ app_begin ] --END-- [ RunTime:0.000251s ]
NOTIC: [8192] mysql_connect(): The mysql extension is deprecated and will be removed in the future: use mysqli or PDO instead /Applications/XAMPP/xamppfiles/htdocs/sist/ThinkPHP/Library/Think/Db/Driver/Mysql.class.php 第 52 行.
SQL: SHOW COLUMNS FROM `sist_news` [ RunTime:0.001967s ]
SQL: SELECT `id`,`title` FROM `sist_news` WHERE ( sortid=2 ) ORDER BY id desc LIMIT 0,9   [ RunTime:0.002528s ]
SQL: SELECT `id`,`title` FROM `sist_news` WHERE ( sortid=3 ) ORDER BY id desc LIMIT 0,9   [ RunTime:0.000423s ]
SQL: SELECT `id`,`title` FROM `sist_news` WHERE ( sortid=4 ) ORDER BY id desc LIMIT 0,8   [ RunTime:0.002095s ]
NOTIC: [8] Use of undefined constant index - assumed 'index' /Applications/XAMPP/xamppfiles/htdocs/sist/Application/Home/Controller/IndexController.class.php 第 13 行.
INFO: [ view_parse ] --START--
INFO: [ template_filter ] --START--
INFO: Run Behavior\ContentReplaceBehavior [ RunTime:0.000037s ]
INFO: [ template_filter ] --END-- [ RunTime:0.000072s ]
INFO: Run Behavior\ParseTemplateBehavior [ RunTime:0.007493s ]
INFO: [ view_parse ] --END-- [ RunTime:0.007528s ]
INFO: [ view_filter ] --START--
INFO: Run Behavior\WriteHtmlCacheBehavior [ RunTime:0.000089s ]
INFO: [ view_filter ] --END-- [ RunTime:0.000109s ]
INFO: [ app_end ] --START--
INFO: Run Behavior\ShowPageTraceBehavior [ RunTime:0.000300s ]
INFO: [ app_end ] --END-- [ RunTime:0.000327s ]

[ 2015-12-07T21:24:24+08:00 ] ::1 /sist/
INFO: [ app_init ] --START--
INFO: Run Behavior\BuildLiteBehavior [ RunTime:0.000008s ]
INFO: [ app_init ] --END-- [ RunTime:0.000177s ]
INFO: [ app_begin ] --START--
INFO: Run Behavior\ReadHtmlCacheBehavior [ RunTime:0.000221s ]
INFO: [ app_begin ] --END-- [ RunTime:0.000246s ]
NOTIC: [8192] mysql_connect(): The mysql extension is deprecated and will be removed in the future: use mysqli or PDO instead /Applications/XAMPP/xamppfiles/htdocs/sist/ThinkPHP/Library/Think/Db/Driver/Mysql.class.php 第 52 行.
SQL: SHOW COLUMNS FROM `sist_news` [ RunTime:0.003603s ]
SQL: SELECT `id`,`title` FROM `sist_news` WHERE ( sortid=2 ) ORDER BY id desc LIMIT 0,9   [ RunTime:0.000895s ]
SQL: SELECT `id`,`title` FROM `sist_news` WHERE ( sortid=3 ) ORDER BY id desc LIMIT 0,9   [ RunTime:0.000255s ]
SQL: SELECT `id`,`title` FROM `sist_news` WHERE ( sortid=4 ) ORDER BY id desc LIMIT 0,8   [ RunTime:0.001702s ]
NOTIC: [8] Use of undefined constant index - assumed 'index' /Applications/XAMPP/xamppfiles/htdocs/sist/Application/Home/Controller/IndexController.class.php 第 13 行.
INFO: [ view_parse ] --START--
INFO: [ template_filter ] --START--
INFO: Run Behavior\ContentReplaceBehavior [ RunTime:0.000039s ]
INFO: [ template_filter ] --END-- [ RunTime:0.000077s ]
INFO: Run Behavior\ParseTemplateBehavior [ RunTime:0.006753s ]
INFO: [ view_parse ] --END-- [ RunTime:0.006787s ]
INFO: [ view_filter ] --START--
INFO: Run Behavior\WriteHtmlCacheBehavior [ RunTime:0.000099s ]
INFO: [ view_filter ] --END-- [ RunTime:0.000121s ]
INFO: [ app_end ] --START--
INFO: Run Behavior\ShowPageTraceBehavior [ RunTime:0.000319s ]
INFO: [ app_end ] --END-- [ RunTime:0.000357s ]

[ 2015-12-07T21:37:57+08:00 ] ::1 /sist/
INFO: [ app_init ] --START--
INFO: Run Behavior\BuildLiteBehavior [ RunTime:0.000053s ]
INFO: [ app_init ] --END-- [ RunTime:0.000572s ]
INFO: [ app_begin ] --START--
INFO: Run Behavior\ReadHtmlCacheBehavior [ RunTime:0.000755s ]
INFO: [ app_begin ] --END-- [ RunTime:0.000814s ]
NOTIC: [8192] mysql_connect(): The mysql extension is deprecated and will be removed in the future: use mysqli or PDO instead /Applications/XAMPP/xamppfiles/htdocs/sist/ThinkPHP/Library/Think/Db/Driver/Mysql.class.php 第 52 行.
SQL: SHOW COLUMNS FROM `sist_news` [ RunTime:0.001783s ]
SQL: SELECT `id`,`title` FROM `sist_news` WHERE ( sortid=2 ) ORDER BY id desc LIMIT 0,9   [ RunTime:0.000734s ]
SQL: SELECT `id`,`title` FROM `sist_news` WHERE ( sortid=3 ) ORDER BY id desc LIMIT 0,9   [ RunTime:0.000270s ]
SQL: SELECT `id`,`title` FROM `sist_news` WHERE ( sortid=4 ) ORDER BY id desc LIMIT 0,8   [ RunTime:0.001710s ]
NOTIC: [8] Use of undefined constant index - assumed 'index' /Applications/XAMPP/xamppfiles/htdocs/sist/Application/Home/Controller/IndexController.class.php 第 13 行.
INFO: [ view_parse ] --START--
INFO: [ template_filter ] --START--
INFO: Run Behavior\ContentReplaceBehavior [ RunTime:0.000043s ]
INFO: [ template_filter ] --END-- [ RunTime:0.000100s ]
INFO: Run Behavior\ParseTemplateBehavior [ RunTime:0.009510s ]
INFO: [ view_parse ] --END-- [ RunTime:0.009556s ]
INFO: [ view_filter ] --START--
INFO: Run Behavior\WriteHtmlCacheBehavior [ RunTime:0.000408s ]
INFO: [ view_filter ] --END-- [ RunTime:0.000444s ]
INFO: [ app_end ] --START--
INFO: Run Behavior\ShowPageTraceBehavior [ RunTime:0.000791s ]
INFO: [ app_end ] --END-- [ RunTime:0.000839s ]

[ 2015-12-07T21:37:58+08:00 ] ::1 /sist/
INFO: [ app_init ] --START--
INFO: Run Behavior\BuildLiteBehavior [ RunTime:0.000009s ]
INFO: [ app_init ] --END-- [ RunTime:0.000180s ]
INFO: [ app_begin ] --START--
INFO: Run Behavior\ReadHtmlCacheBehavior [ RunTime:0.000224s ]
INFO: [ app_begin ] --END-- [ RunTime:0.000251s ]
NOTIC: [8192] mysql_connect(): The mysql extension is deprecated and will be removed in the future: use mysqli or PDO instead /Applications/XAMPP/xamppfiles/htdocs/sist/ThinkPHP/Library/Think/Db/Driver/Mysql.class.php 第 52 行.
SQL: SHOW COLUMNS FROM `sist_news` [ RunTime:0.002862s ]
SQL: SELECT `id`,`title` FROM `sist_news` WHERE ( sortid=2 ) ORDER BY id desc LIMIT 0,9   [ RunTime:0.001476s ]
SQL: SELECT `id`,`title` FROM `sist_news` WHERE ( sortid=3 ) ORDER BY id desc LIMIT 0,9   [ RunTime:0.000724s ]
SQL: SELECT `id`,`title` FROM `sist_news` WHERE ( sortid=4 ) ORDER BY id desc LIMIT 0,8   [ RunTime:0.001833s ]
NOTIC: [8] Use of undefined constant index - assumed 'index' /Applications/XAMPP/xamppfiles/htdocs/sist/Application/Home/Controller/IndexController.class.php 第 13 行.
INFO: [ view_parse ] --START--
INFO: [ template_filter ] --START--
INFO: Run Behavior\ContentReplaceBehavior [ RunTime:0.000041s ]
INFO: [ template_filter ] --END-- [ RunTime:0.000080s ]
INFO: Run Behavior\ParseTemplateBehavior [ RunTime:0.007034s ]
INFO: [ view_parse ] --END-- [ RunTime:0.007072s ]
INFO: [ view_filter ] --START--
INFO: Run Behavior\WriteHtmlCacheBehavior [ RunTime:0.000121s ]
INFO: [ view_filter ] --END-- [ RunTime:0.000149s ]
INFO: [ app_end ] --START--
INFO: Run Behavior\ShowPageTraceBehavior [ RunTime:0.000401s ]
INFO: [ app_end ] --END-- [ RunTime:0.000447s ]

[ 2015-12-07T21:37:59+08:00 ] ::1 /sist/
INFO: [ app_init ] --START--
INFO: Run Behavior\BuildLiteBehavior [ RunTime:0.000009s ]
INFO: [ app_init ] --END-- [ RunTime:0.000177s ]
INFO: [ app_begin ] --START--
INFO: Run Behavior\ReadHtmlCacheBehavior [ RunTime:0.000222s ]
INFO: [ app_begin ] --END-- [ RunTime:0.000247s ]
NOTIC: [8192] mysql_connect(): The mysql extension is deprecated and will be removed in the future: use mysqli or PDO instead /Applications/XAMPP/xamppfiles/htdocs/sist/ThinkPHP/Library/Think/Db/Driver/Mysql.class.php 第 52 行.
SQL: SHOW COLUMNS FROM `sist_news` [ RunTime:0.002424s ]
SQL: SELECT `id`,`title` FROM `sist_news` WHERE ( sortid=2 ) ORDER BY id desc LIMIT 0,9   [ RunTime:0.000849s ]
SQL: SELECT `id`,`title` FROM `sist_news` WHERE ( sortid=3 ) ORDER BY id desc LIMIT 0,9   [ RunTime:0.000291s ]
SQL: SELECT `id`,`title` FROM `sist_news` WHERE ( sortid=4 ) ORDER BY id desc LIMIT 0,8   [ RunTime:0.001672s ]
NOTIC: [8] Use of undefined constant index - assumed 'index' /Applications/XAMPP/xamppfiles/htdocs/sist/Application/Home/Controller/IndexController.class.php 第 13 行.
INFO: [ view_parse ] --START--
INFO: [ template_filter ] --START--
INFO: Run Behavior\ContentReplaceBehavior [ RunTime:0.000036s ]
INFO: [ template_filter ] --END-- [ RunTime:0.000070s ]
INFO: Run Behavior\ParseTemplateBehavior [ RunTime:0.006367s ]
INFO: [ view_parse ] --END-- [ RunTime:0.006415s ]
INFO: [ view_filter ] --START--
INFO: Run Behavior\WriteHtmlCacheBehavior [ RunTime:0.000122s ]
INFO: [ view_filter ] --END-- [ RunTime:0.000149s ]
INFO: [ app_end ] --START--
INFO: Run Behavior\ShowPageTraceBehavior [ RunTime:0.000327s ]
INFO: [ app_end ] --END-- [ RunTime:0.000387s ]

[ 2015-12-07T21:46:37+08:00 ] ::1 /sist/
INFO: [ app_init ] --START--
INFO: Run Behavior\BuildLiteBehavior [ RunTime:0.000050s ]
INFO: [ app_init ] --END-- [ RunTime:0.000835s ]
INFO: [ app_begin ] --START--
INFO: Run Behavior\ReadHtmlCacheBehavior [ RunTime:0.000902s ]
INFO: [ app_begin ] --END-- [ RunTime:0.000966s ]
NOTIC: [8192] mysql_connect(): The mysql extension is deprecated and will be removed in the future: use mysqli or PDO instead /Applications/XAMPP/xamppfiles/htdocs/sist/ThinkPHP/Library/Think/Db/Driver/Mysql.class.php 第 52 行.
SQL: SHOW COLUMNS FROM `sist_news` [ RunTime:0.003464s ]
SQL: SELECT `id`,`title` FROM `sist_news` WHERE ( sortid=2 ) ORDER BY id desc LIMIT 0,9   [ RunTime:0.001281s ]
SQL: SELECT `id`,`title` FROM `sist_news` WHERE ( sortid=3 ) ORDER BY id desc LIMIT 0,9   [ RunTime:0.000318s ]
SQL: SELECT `id`,`title` FROM `sist_news` WHERE ( sortid=4 ) ORDER BY id desc LIMIT 0,8   [ RunTime:0.001968s ]
NOTIC: [8] Use of undefined constant index - assumed 'index' /Applications/XAMPP/xamppfiles/htdocs/sist/Application/Home/Controller/IndexController.class.php 第 13 行.
INFO: [ view_parse ] --START--
INFO: [ template_filter ] --START--
INFO: Run Behavior\ContentReplaceBehavior [ RunTime:0.000065s ]
INFO: [ template_filter ] --END-- [ RunTime:0.000129s ]
INFO: Run Behavior\ParseTemplateBehavior [ RunTime:0.013577s ]
INFO: [ view_parse ] --END-- [ RunTime:0.013680s ]
INFO: [ view_filter ] --START--
INFO: Run Behavior\WriteHtmlCacheBehavior [ RunTime:0.000351s ]
INFO: [ view_filter ] --END-- [ RunTime:0.000395s ]
INFO: [ app_end ] --START--
INFO: Run Behavior\ShowPageTraceBehavior [ RunTime:0.000661s ]
INFO: [ app_end ] --END-- [ RunTime:0.000724s ]

[ 2015-12-07T21:46:37+08:00 ] ::1 /sist/
INFO: [ app_init ] --START--
INFO: Run Behavior\BuildLiteBehavior [ RunTime:0.000011s ]
INFO: [ app_init ] --END-- [ RunTime:0.000265s ]
INFO: [ app_begin ] --START--
INFO: Run Behavior\ReadHtmlCacheBehavior [ RunTime:0.000460s ]
INFO: [ app_begin ] --END-- [ RunTime:0.002006s ]
NOTIC: [8192] mysql_connect(): The mysql extension is deprecated and will be removed in the future: use mysqli or PDO instead /Applications/XAMPP/xamppfiles/htdocs/sist/ThinkPHP/Library/Think/Db/Driver/Mysql.class.php 第 52 行.
SQL: SHOW COLUMNS FROM `sist_news` [ RunTime:0.003111s ]
SQL: SELECT `id`,`title` FROM `sist_news` WHERE ( sortid=2 ) ORDER BY id desc LIMIT 0,9   [ RunTime:0.001127s ]
SQL: SELECT `id`,`title` FROM `sist_news` WHERE ( sortid=3 ) ORDER BY id desc LIMIT 0,9   [ RunTime:0.000560s ]
SQL: SELECT `id`,`title` FROM `sist_news` WHERE ( sortid=4 ) ORDER BY id desc LIMIT 0,8   [ RunTime:0.005622s ]
NOTIC: [8] Use of undefined constant index - assumed 'index' /Applications/XAMPP/xamppfiles/htdocs/sist/Application/Home/Controller/IndexController.class.php 第 13 行.
INFO: [ view_parse ] --START--
INFO: [ template_filter ] --START--
INFO: Run Behavior\ContentReplaceBehavior [ RunTime:0.000042s ]
INFO: [ template_filter ] --END-- [ RunTime:0.000085s ]
INFO: Run Behavior\ParseTemplateBehavior [ RunTime:0.011619s ]
INFO: [ view_parse ] --END-- [ RunTime:0.011668s ]
INFO: [ view_filter ] --START--
INFO: Run Behavior\WriteHtmlCacheBehavior [ RunTime:0.000099s ]
INFO: [ view_filter ] --END-- [ RunTime:0.000121s ]
INFO: [ app_end ] --START--
INFO: Run Behavior\ShowPageTraceBehavior [ RunTime:0.000360s ]
INFO: [ app_end ] --END-- [ RunTime:0.000405s ]

[ 2015-12-07T21:46:41+08:00 ] ::1 /sist/
INFO: [ app_init ] --START--
INFO: Run Behavior\BuildLiteBehavior [ RunTime:0.000022s ]
INFO: [ app_init ] --END-- [ RunTime:0.000271s ]
INFO: [ app_begin ] --START--
INFO: Run Behavior\ReadHtmlCacheBehavior [ RunTime:0.000398s ]
INFO: [ app_begin ] --END-- [ RunTime:0.000442s ]
NOTIC: [8192] mysql_connect(): The mysql extension is deprecated and will be removed in the future: use mysqli or PDO instead /Applications/XAMPP/xamppfiles/htdocs/sist/ThinkPHP/Library/Think/Db/Driver/Mysql.class.php 第 52 行.
SQL: SHOW COLUMNS FROM `sist_news` [ RunTime:0.002480s ]
SQL: SELECT `id`,`title` FROM `sist_news` WHERE ( sortid=2 ) ORDER BY id desc LIMIT 0,9   [ RunTime:0.000735s ]
SQL: SELECT `id`,`title` FROM `sist_news` WHERE ( sortid=3 ) ORDER BY id desc LIMIT 0,9   [ RunTime:0.000282s ]
SQL: SELECT `id`,`title` FROM `sist_news` WHERE ( sortid=4 ) ORDER BY id desc LIMIT 0,8   [ RunTime:0.001941s ]
NOTIC: [8] Use of undefined constant index - assumed 'index' /Applications/XAMPP/xamppfiles/htdocs/sist/Application/Home/Controller/IndexController.class.php 第 13 行.
INFO: [ view_parse ] --START--
INFO: [ template_filter ] --START--
INFO: Run Behavior\ContentReplaceBehavior [ RunTime:0.000076s ]
INFO: [ template_filter ] --END-- [ RunTime:0.000143s ]
INFO: Run Behavior\ParseTemplateBehavior [ RunTime:0.008968s ]
INFO: [ view_parse ] --END-- [ RunTime:0.009026s ]
INFO: [ view_filter ] --START--
INFO: Run Behavior\WriteHtmlCacheBehavior [ RunTime:0.000133s ]
INFO: [ view_filter ] --END-- [ RunTime:0.000163s ]
INFO: [ app_end ] --START--
INFO: Run Behavior\ShowPageTraceBehavior [ RunTime:0.000545s ]
INFO: [ app_end ] --END-- [ RunTime:0.000606s ]

[ 2015-12-07T21:46:43+08:00 ] ::1 /sist/
INFO: [ app_init ] --START--
INFO: Run Behavior\BuildLiteBehavior [ RunTime:0.000009s ]
INFO: [ app_init ] --END-- [ RunTime:0.000176s ]
INFO: [ app_begin ] --START--
INFO: Run Behavior\ReadHtmlCacheBehavior [ RunTime:0.000219s ]
INFO: [ app_begin ] --END-- [ RunTime:0.000244s ]
NOTIC: [8192] mysql_connect(): The mysql extension is deprecated and will be removed in the future: use mysqli or PDO instead /Applications/XAMPP/xamppfiles/htdocs/sist/ThinkPHP/Library/Think/Db/Driver/Mysql.class.php 第 52 行.
SQL: SHOW COLUMNS FROM `sist_news` [ RunTime:0.002749s ]
SQL: SELECT `id`,`title` FROM `sist_news` WHERE ( sortid=2 ) ORDER BY id desc LIMIT 0,9   [ RunTime:0.001021s ]
SQL: SELECT `id`,`title` FROM `sist_news` WHERE ( sortid=3 ) ORDER BY id desc LIMIT 0,9   [ RunTime:0.000432s ]
SQL: SELECT `id`,`title` FROM `sist_news` WHERE ( sortid=4 ) ORDER BY id desc LIMIT 0,8   [ RunTime:0.001803s ]
NOTIC: [8] Use of undefined constant index - assumed 'index' /Applications/XAMPP/xamppfiles/htdocs/sist/Application/Home/Controller/IndexController.class.php 第 13 行.
INFO: [ view_parse ] --START--
INFO: [ template_filter ] --START--
INFO: Run Behavior\ContentReplaceBehavior [ RunTime:0.000088s ]
INFO: [ template_filter ] --END-- [ RunTime:0.000140s ]
INFO: Run Behavior\ParseTemplateBehavior [ RunTime:0.006750s ]
INFO: [ view_parse ] --END-- [ RunTime:0.006785s ]
INFO: [ view_filter ] --START--
INFO: Run Behavior\WriteHtmlCacheBehavior [ RunTime:0.000090s ]
INFO: [ view_filter ] --END-- [ RunTime:0.000110s ]
INFO: [ app_end ] --START--
INFO: Run Behavior\ShowPageTraceBehavior [ RunTime:0.000417s ]
INFO: [ app_end ] --END-- [ RunTime:0.000466s ]

[ 2015-12-07T21:46:44+08:00 ] ::1 /sist/
INFO: [ app_init ] --START--
INFO: Run Behavior\BuildLiteBehavior [ RunTime:0.000009s ]
INFO: [ app_init ] --END-- [ RunTime:0.000188s ]
INFO: [ app_begin ] --START--
INFO: Run Behavior\ReadHtmlCacheBehavior [ RunTime:0.000300s ]
INFO: [ app_begin ] --END-- [ RunTime:0.000330s ]
NOTIC: [8192] mysql_connect(): The mysql extension is deprecated and will be removed in the future: use mysqli or PDO instead /Applications/XAMPP/xamppfiles/htdocs/sist/ThinkPHP/Library/Think/Db/Driver/Mysql.class.php 第 52 行.
SQL: SHOW COLUMNS FROM `sist_news` [ RunTime:0.002140s ]
SQL: SELECT `id`,`title` FROM `sist_news` WHERE ( sortid=2 ) ORDER BY id desc LIMIT 0,9   [ RunTime:0.000730s ]
SQL: SELECT `id`,`title` FROM `sist_news` WHERE ( sortid=3 ) ORDER BY id desc LIMIT 0,9   [ RunTime:0.000460s ]
SQL: SELECT `id`,`title` FROM `sist_news` WHERE ( sortid=4 ) ORDER BY id desc LIMIT 0,8   [ RunTime:0.002971s ]
NOTIC: [8] Use of undefined constant index - assumed 'index' /Applications/XAMPP/xamppfiles/htdocs/sist/Application/Home/Controller/IndexController.class.php 第 13 行.
INFO: [ view_parse ] --START--
INFO: [ template_filter ] --START--
INFO: Run Behavior\ContentReplaceBehavior [ RunTime:0.000052s ]
INFO: [ template_filter ] --END-- [ RunTime:0.000109s ]
INFO: Run Behavior\ParseTemplateBehavior [ RunTime:0.010003s ]
INFO: [ view_parse ] --END-- [ RunTime:0.010082s ]
INFO: [ view_filter ] --START--
INFO: Run Behavior\WriteHtmlCacheBehavior [ RunTime:0.000162s ]
INFO: [ view_filter ] --END-- [ RunTime:0.000198s ]
INFO: [ app_end ] --START--
INFO: Run Behavior\ShowPageTraceBehavior [ RunTime:0.000506s ]
INFO: [ app_end ] --END-- [ RunTime:0.000565s ]

[ 2015-12-07T21:46:45+08:00 ] ::1 /sist/
INFO: [ app_init ] --START--
INFO: Run Behavior\BuildLiteBehavior [ RunTime:0.000008s ]
INFO: [ app_init ] --END-- [ RunTime:0.000173s ]
INFO: [ app_begin ] --START--
INFO: Run Behavior\ReadHtmlCacheBehavior [ RunTime:0.000219s ]
INFO: [ app_begin ] --END-- [ RunTime:0.000245s ]
NOTIC: [8192] mysql_connect(): The mysql extension is deprecated and will be removed in the future: use mysqli or PDO instead /Applications/XAMPP/xamppfiles/htdocs/sist/ThinkPHP/Library/Think/Db/Driver/Mysql.class.php 第 52 行.
SQL: SHOW COLUMNS FROM `sist_news` [ RunTime:0.003135s ]
SQL: SELECT `id`,`title` FROM `sist_news` WHERE ( sortid=2 ) ORDER BY id desc LIMIT 0,9   [ RunTime:0.001635s ]
SQL: SELECT `id`,`title` FROM `sist_news` WHERE ( sortid=3 ) ORDER BY id desc LIMIT 0,9   [ RunTime:0.000574s ]
SQL: SELECT `id`,`title` FROM `sist_news` WHERE ( sortid=4 ) ORDER BY id desc LIMIT 0,8   [ RunTime:0.002077s ]
NOTIC: [8] Use of undefined constant index - assumed 'index' /Applications/XAMPP/xamppfiles/htdocs/sist/Application/Home/Controller/IndexController.class.php 第 13 行.
INFO: [ view_parse ] --START--
INFO: [ template_filter ] --START--
INFO: Run Behavior\ContentReplaceBehavior [ RunTime:0.000041s ]
INFO: [ template_filter ] --END-- [ RunTime:0.000082s ]
INFO: Run Behavior\ParseTemplateBehavior [ RunTime:0.006819s ]
INFO: [ view_parse ] --END-- [ RunTime:0.006858s ]
INFO: [ view_filter ] --START--
INFO: Run Behavior\WriteHtmlCacheBehavior [ RunTime:0.000096s ]
INFO: [ view_filter ] --END-- [ RunTime:0.000117s ]
INFO: [ app_end ] --START--
INFO: Run Behavior\ShowPageTraceBehavior [ RunTime:0.000302s ]
INFO: [ app_end ] --END-- [ RunTime:0.000330s ]

[ 2015-12-07T21:46:45+08:00 ] ::1 /sist/
INFO: [ app_init ] --START--
INFO: Run Behavior\BuildLiteBehavior [ RunTime:0.000016s ]
INFO: [ app_init ] --END-- [ RunTime:0.000293s ]
INFO: [ app_begin ] --START--
INFO: Run Behavior\ReadHtmlCacheBehavior [ RunTime:0.000541s ]
INFO: [ app_begin ] --END-- [ RunTime:0.000645s ]
NOTIC: [8192] mysql_connect(): The mysql extension is deprecated and will be removed in the future: use mysqli or PDO instead /Applications/XAMPP/xamppfiles/htdocs/sist/ThinkPHP/Library/Think/Db/Driver/Mysql.class.php 第 52 行.
SQL: SHOW COLUMNS FROM `sist_news` [ RunTime:0.001126s ]
SQL: SELECT `id`,`title` FROM `sist_news` WHERE ( sortid=2 ) ORDER BY id desc LIMIT 0,9   [ RunTime:0.000988s ]
SQL: SELECT `id`,`title` FROM `sist_news` WHERE ( sortid=3 ) ORDER BY id desc LIMIT 0,9   [ RunTime:0.000407s ]
SQL: SELECT `id`,`title` FROM `sist_news` WHERE ( sortid=4 ) ORDER BY id desc LIMIT 0,8   [ RunTime:0.001828s ]
NOTIC: [8] Use of undefined constant index - assumed 'index' /Applications/XAMPP/xamppfiles/htdocs/sist/Application/Home/Controller/IndexController.class.php 第 13 行.
INFO: [ view_parse ] --START--
INFO: [ template_filter ] --START--
INFO: Run Behavior\ContentReplaceBehavior [ RunTime:0.000043s ]
INFO: [ template_filter ] --END-- [ RunTime:0.000085s ]
INFO: Run Behavior\ParseTemplateBehavior [ RunTime:0.011550s ]
INFO: [ view_parse ] --END-- [ RunTime:0.011594s ]
INFO: [ view_filter ] --START--
INFO: Run Behavior\WriteHtmlCacheBehavior [ RunTime:0.000099s ]
INFO: [ view_filter ] --END-- [ RunTime:0.000119s ]
INFO: [ app_end ] --START--
INFO: Run Behavior\ShowPageTraceBehavior [ RunTime:0.000392s ]
INFO: [ app_end ] --END-- [ RunTime:0.000431s ]

[ 2015-12-07T21:46:46+08:00 ] ::1 /sist/
INFO: [ app_init ] --START--
INFO: Run Behavior\BuildLiteBehavior [ RunTime:0.000008s ]
INFO: [ app_init ] --END-- [ RunTime:0.000181s ]
INFO: [ app_begin ] --START--
INFO: Run Behavior\ReadHtmlCacheBehavior [ RunTime:0.000226s ]
INFO: [ app_begin ] --END-- [ RunTime:0.000251s ]
NOTIC: [8192] mysql_connect(): The mysql extension is deprecated and will be removed in the future: use mysqli or PDO instead /Applications/XAMPP/xamppfiles/htdocs/sist/ThinkPHP/Library/Think/Db/Driver/Mysql.class.php 第 52 行.
SQL: SHOW COLUMNS FROM `sist_news` [ RunTime:0.001690s ]
SQL: SELECT `id`,`title` FROM `sist_news` WHERE ( sortid=2 ) ORDER BY id desc LIMIT 0,9   [ RunTime:0.001154s ]
SQL: SELECT `id`,`title` FROM `sist_news` WHERE ( sortid=3 ) ORDER BY id desc LIMIT 0,9   [ RunTime:0.000662s ]
SQL: SELECT `id`,`title` FROM `sist_news` WHERE ( sortid=4 ) ORDER BY id desc LIMIT 0,8   [ RunTime:0.002192s ]
NOTIC: [8] Use of undefined constant index - assumed 'index' /Applications/XAMPP/xamppfiles/htdocs/sist/Application/Home/Controller/IndexController.class.php 第 13 行.
INFO: [ view_parse ] --START--
INFO: [ template_filter ] --START--
INFO: Run Behavior\ContentReplaceBehavior [ RunTime:0.000040s ]
INFO: [ template_filter ] --END-- [ RunTime:0.000077s ]
INFO: Run Behavior\ParseTemplateBehavior [ RunTime:0.008544s ]
INFO: [ view_parse ] --END-- [ RunTime:0.008589s ]
INFO: [ view_filter ] --START--
INFO: Run Behavior\WriteHtmlCacheBehavior [ RunTime:0.000089s ]
INFO: [ view_filter ] --END-- [ RunTime:0.000109s ]
INFO: [ app_end ] --START--
INFO: Run Behavior\ShowPageTraceBehavior [ RunTime:0.000301s ]
INFO: [ app_end ] --END-- [ RunTime:0.000328s ]

[ 2015-12-07T21:47:44+08:00 ] ::1 /sist/
INFO: [ app_init ] --START--
INFO: Run Behavior\BuildLiteBehavior [ RunTime:0.000009s ]
INFO: [ app_init ] --END-- [ RunTime:0.000196s ]
INFO: [ app_begin ] --START--
INFO: Run Behavior\ReadHtmlCacheBehavior [ RunTime:0.000314s ]
INFO: [ app_begin ] --END-- [ RunTime:0.000347s ]
NOTIC: [8192] mysql_connect(): The mysql extension is deprecated and will be removed in the future: use mysqli or PDO instead /Applications/XAMPP/xamppfiles/htdocs/sist/ThinkPHP/Library/Think/Db/Driver/Mysql.class.php 第 52 行.
SQL: SHOW COLUMNS FROM `sist_news` [ RunTime:0.001713s ]
SQL: SELECT `id`,`title` FROM `sist_news` WHERE ( sortid=2 ) ORDER BY id desc LIMIT 0,9   [ RunTime:0.000958s ]
SQL: SELECT `id`,`title` FROM `sist_news` WHERE ( sortid=3 ) ORDER BY id desc LIMIT 0,9   [ RunTime:0.000263s ]
SQL: SELECT `id`,`title` FROM `sist_news` WHERE ( sortid=4 ) ORDER BY id desc LIMIT 0,8   [ RunTime:0.001640s ]
NOTIC: [8] Use of undefined constant index - assumed 'index' /Applications/XAMPP/xamppfiles/htdocs/sist/Application/Home/Controller/IndexController.class.php 第 13 行.
INFO: [ view_parse ] --START--
INFO: [ template_filter ] --START--
INFO: Run Behavior\ContentReplaceBehavior [ RunTime:0.000039s ]
INFO: [ template_filter ] --END-- [ RunTime:0.000076s ]
INFO: Run Behavior\ParseTemplateBehavior [ RunTime:0.007475s ]
INFO: [ view_parse ] --END-- [ RunTime:0.007516s ]
INFO: [ view_filter ] --START--
INFO: Run Behavior\WriteHtmlCacheBehavior [ RunTime:0.000097s ]
INFO: [ view_filter ] --END-- [ RunTime:0.000117s ]
INFO: [ app_end ] --START--
INFO: Run Behavior\ShowPageTraceBehavior [ RunTime:0.000309s ]
INFO: [ app_end ] --END-- [ RunTime:0.000339s ]

[ 2015-12-07T21:49:44+08:00 ] ::1 /sist/
INFO: [ app_init ] --START--
INFO: Run Behavior\BuildLiteBehavior [ RunTime:0.000014s ]
INFO: [ app_init ] --END-- [ RunTime:0.000515s ]
INFO: [ app_begin ] --START--
INFO: Run Behavior\ReadHtmlCacheBehavior [ RunTime:0.000997s ]
INFO: [ app_begin ] --END-- [ RunTime:0.001067s ]
NOTIC: [8192] mysql_connect(): The mysql extension is deprecated and will be removed in the future: use mysqli or PDO instead /Applications/XAMPP/xamppfiles/htdocs/sist/ThinkPHP/Library/Think/Db/Driver/Mysql.class.php 第 52 行.
SQL: SHOW COLUMNS FROM `sist_news` [ RunTime:0.001412s ]
SQL: SELECT `id`,`title` FROM `sist_news` WHERE ( sortid=2 ) ORDER BY id desc LIMIT 0,9   [ RunTime:0.000796s ]
SQL: SELECT `id`,`title` FROM `sist_news` WHERE ( sortid=3 ) ORDER BY id desc LIMIT 0,9   [ RunTime:0.000332s ]
SQL: SELECT `id`,`title` FROM `sist_news` WHERE ( sortid=4 ) ORDER BY id desc LIMIT 0,8   [ RunTime:0.002071s ]
NOTIC: [8] Use of undefined constant index - assumed 'index' /Applications/XAMPP/xamppfiles/htdocs/sist/Application/Home/Controller/IndexController.class.php 第 13 行.
INFO: [ view_parse ] --START--
INFO: [ template_filter ] --START--
INFO: Run Behavior\ContentReplaceBehavior [ RunTime:0.000056s ]
INFO: [ template_filter ] --END-- [ RunTime:0.000127s ]
NOTIC: [8] Undefined variable: Classnews /Applications/XAMPP/xamppfiles/htdocs/sist/Application/Runtime/Cache/Home/2a94b8bda04ff446dcedd42276fc99ee.php 第 153 行.
NOTIC: [8] Undefined variable: Classnews /Applications/XAMPP/xamppfiles/htdocs/sist/Application/Runtime/Cache/Home/2a94b8bda04ff446dcedd42276fc99ee.php 第 153 行.
NOTIC: [8] Undefined variable: Classnews /Applications/XAMPP/xamppfiles/htdocs/sist/Application/Runtime/Cache/Home/2a94b8bda04ff446dcedd42276fc99ee.php 第 153 行.
NOTIC: [8] Undefined variable: Classnews /Applications/XAMPP/xamppfiles/htdocs/sist/Application/Runtime/Cache/Home/2a94b8bda04ff446dcedd42276fc99ee.php 第 153 行.
NOTIC: [8] Undefined variable: Classnews /Applications/XAMPP/xamppfiles/htdocs/sist/Application/Runtime/Cache/Home/2a94b8bda04ff446dcedd42276fc99ee.php 第 153 行.
NOTIC: [8] Undefined variable: Classnews /Applications/XAMPP/xamppfiles/htdocs/sist/Application/Runtime/Cache/Home/2a94b8bda04ff446dcedd42276fc99ee.php 第 153 行.
NOTIC: [8] Undefined variable: Classnews /Applications/XAMPP/xamppfiles/htdocs/sist/Application/Runtime/Cache/Home/2a94b8bda04ff446dcedd42276fc99ee.php 第 153 行.
NOTIC: [8] Undefined variable: Classnews /Applications/XAMPP/xamppfiles/htdocs/sist/Application/Runtime/Cache/Home/2a94b8bda04ff446dcedd42276fc99ee.php 第 153 行.
NOTIC: [8] Undefined variable: Classnews /Applications/XAMPP/xamppfiles/htdocs/sist/Application/Runtime/Cache/Home/2a94b8bda04ff446dcedd42276fc99ee.php 第 153 行.
NOTIC: [8] Undefined variable: Classnews /Applications/XAMPP/xamppfiles/htdocs/sist/Application/Runtime/Cache/Home/2a94b8bda04ff446dcedd42276fc99ee.php 第 160 行.
NOTIC: [8] Undefined variable: Classnews /Applications/XAMPP/xamppfiles/htdocs/sist/Application/Runtime/Cache/Home/2a94b8bda04ff446dcedd42276fc99ee.php 第 160 行.
NOTIC: [8] Undefined variable: Classnews /Applications/XAMPP/xamppfiles/htdocs/sist/Application/Runtime/Cache/Home/2a94b8bda04ff446dcedd42276fc99ee.php 第 160 行.
NOTIC: [8] Undefined variable: Classnews /Applications/XAMPP/xamppfiles/htdocs/sist/Application/Runtime/Cache/Home/2a94b8bda04ff446dcedd42276fc99ee.php 第 160 行.
NOTIC: [8] Undefined variable: Classnews /Applications/XAMPP/xamppfiles/htdocs/sist/Application/Runtime/Cache/Home/2a94b8bda04ff446dcedd42276fc99ee.php 第 160 行.
NOTIC: [8] Undefined variable: Classnews /Applications/XAMPP/xamppfiles/htdocs/sist/Application/Runtime/Cache/Home/2a94b8bda04ff446dcedd42276fc99ee.php 第 160 行.
NOTIC: [8] Undefined variable: Classnews /Applications/XAMPP/xamppfiles/htdocs/sist/Application/Runtime/Cache/Home/2a94b8bda04ff446dcedd42276fc99ee.php 第 160 行.
NOTIC: [8] Undefined variable: Classnews /Applications/XAMPP/xamppfiles/htdocs/sist/Application/Runtime/Cache/Home/2a94b8bda04ff446dcedd42276fc99ee.php 第 160 行.
NOTIC: [8] Undefined variable: Classnews /Applications/XAMPP/xamppfiles/htdocs/sist/Application/Runtime/Cache/Home/2a94b8bda04ff446dcedd42276fc99ee.php 第 160 行.
NOTIC: [8] Undefined variable: Classnews /Applications/XAMPP/xamppfiles/htdocs/sist/Application/Runtime/Cache/Home/2a94b8bda04ff446dcedd42276fc99ee.php 第 211 行.
NOTIC: [8] Undefined variable: Classnews /Applications/XAMPP/xamppfiles/htdocs/sist/Application/Runtime/Cache/Home/2a94b8bda04ff446dcedd42276fc99ee.php 第 211 行.
NOTIC: [8] Undefined variable: Classnews /Applications/XAMPP/xamppfiles/htdocs/sist/Application/Runtime/Cache/Home/2a94b8bda04ff446dcedd42276fc99ee.php 第 211 行.
NOTIC: [8] Undefined variable: Classnews /Applications/XAMPP/xamppfiles/htdocs/sist/Application/Runtime/Cache/Home/2a94b8bda04ff446dcedd42276fc99ee.php 第 211 行.
NOTIC: [8] Undefined variable: Classnews /Applications/XAMPP/xamppfiles/htdocs/sist/Application/Runtime/Cache/Home/2a94b8bda04ff446dcedd42276fc99ee.php 第 211 行.
NOTIC: [8] Undefined variable: Classnews /Applications/XAMPP/xamppfiles/htdocs/sist/Application/Runtime/Cache/Home/2a94b8bda04ff446dcedd42276fc99ee.php 第 211 行.
NOTIC: [8] Undefined variable: Classnews /Applications/XAMPP/xamppfiles/htdocs/sist/Application/Runtime/Cache/Home/2a94b8bda04ff446dcedd42276fc99ee.php 第 211 行.
NOTIC: [8] Undefined variable: Classnews /Applications/XAMPP/xamppfiles/htdocs/sist/Application/Runtime/Cache/Home/2a94b8bda04ff446dcedd42276fc99ee.php 第 211 行.
INFO: Run Behavior\ParseTemplateBehavior [ RunTime:0.012883s ]
INFO: [ view_parse ] --END-- [ RunTime:0.012923s ]
INFO: [ view_filter ] --START--
INFO: Run Behavior\WriteHtmlCacheBehavior [ RunTime:0.000353s ]
INFO: [ view_filter ] --END-- [ RunTime:0.000387s ]
INFO: [ app_end ] --START--
INFO: Run Behavior\ShowPageTraceBehavior [ RunTime:0.000837s ]
INFO: [ app_end ] --END-- [ RunTime:0.000894s ]

[ 2015-12-07T21:49:47+08:00 ] ::1 /sist/index.php/Home/article/article.html
INFO: [ app_init ] --START--
INFO: Run Behavior\BuildLiteBehavior [ RunTime:0.000014s ]
INFO: [ app_init ] --END-- [ RunTime:0.000290s ]
INFO: [ app_begin ] --START--
INFO: Run Behavior\ReadHtmlCacheBehavior [ RunTime:0.000651s ]
INFO: [ app_begin ] --END-- [ RunTime:0.000744s ]
NOTIC: [8] Undefined index: id /Applications/XAMPP/xamppfiles/htdocs/sist/Application/Home/Controller/ArticleController.class.php 第 8 行.
NOTIC: [8192] mysql_connect(): The mysql extension is deprecated and will be removed in the future: use mysqli or PDO instead /Applications/XAMPP/xamppfiles/htdocs/sist/ThinkPHP/Library/Think/Db/Driver/Mysql.class.php 第 52 行.
SQL: SHOW COLUMNS FROM `sist_news` [ RunTime:0.001034s ]
SQL: SELECT * FROM `sist_news` WHERE ( id='' )  [ RunTime:0.002288s ]
INFO: [ view_parse ] --START--
INFO: [ template_filter ] --START--
INFO: Run Behavior\ContentReplaceBehavior [ RunTime:0.000025s ]
INFO: [ template_filter ] --END-- [ RunTime:0.000069s ]
INFO: Run Behavior\ParseTemplateBehavior [ RunTime:0.003948s ]
INFO: [ view_parse ] --END-- [ RunTime:0.003995s ]
INFO: [ view_filter ] --START--
INFO: Run Behavior\WriteHtmlCacheBehavior [ RunTime:0.000107s ]
INFO: [ view_filter ] --END-- [ RunTime:0.000130s ]
INFO: [ app_end ] --START--
INFO: Run Behavior\ShowPageTraceBehavior [ RunTime:0.000589s ]
INFO: [ app_end ] --END-- [ RunTime:0.000694s ]

[ 2015-12-07T21:49:50+08:00 ] ::1 /sist/index.php/Home/article/article.html
INFO: [ app_init ] --START--
INFO: Run Behavior\BuildLiteBehavior [ RunTime:0.000025s ]
INFO: [ app_init ] --END-- [ RunTime:0.000556s ]
INFO: [ app_begin ] --START--
INFO: Run Behavior\ReadHtmlCacheBehavior [ RunTime:0.000556s ]
INFO: [ app_begin ] --END-- [ RunTime:0.000657s ]
NOTIC: [8] Undefined index: id /Applications/XAMPP/xamppfiles/htdocs/sist/Application/Home/Controller/ArticleController.class.php 第 8 行.
NOTIC: [8192] mysql_connect(): The mysql extension is deprecated and will be removed in the future: use mysqli or PDO instead /Applications/XAMPP/xamppfiles/htdocs/sist/ThinkPHP/Library/Think/Db/Driver/Mysql.class.php 第 52 行.
SQL: SHOW COLUMNS FROM `sist_news` [ RunTime:0.002027s ]
SQL: SELECT * FROM `sist_news` WHERE ( id='' )  [ RunTime:0.000171s ]
INFO: [ view_parse ] --START--
INFO: [ template_filter ] --START--
INFO: Run Behavior\ContentReplaceBehavior [ RunTime:0.000017s ]
INFO: [ template_filter ] --END-- [ RunTime:0.000043s ]
INFO: Run Behavior\ParseTemplateBehavior [ RunTime:0.002571s ]
INFO: [ view_parse ] --END-- [ RunTime:0.002611s ]
INFO: [ view_filter ] --START--
INFO: Run Behavior\WriteHtmlCacheBehavior [ RunTime:0.000134s ]
INFO: [ view_filter ] --END-- [ RunTime:0.000168s ]
INFO: [ app_end ] --START--
INFO: Run Behavior\ShowPageTraceBehavior [ RunTime:0.000298s ]
INFO: [ app_end ] --END-- [ RunTime:0.000324s ]

[ 2015-12-07T21:49:52+08:00 ] ::1 /sist/index.php/Home/article/article.html
INFO: [ app_init ] --START--
INFO: Run Behavior\BuildLiteBehavior [ RunTime:0.000009s ]
INFO: [ app_init ] --END-- [ RunTime:0.000181s ]
INFO: [ app_begin ] --START--
INFO: Run Behavior\ReadHtmlCacheBehavior [ RunTime:0.000229s ]
INFO: [ app_begin ] --END-- [ RunTime:0.000254s ]
NOTIC: [8] Undefined index: id /Applications/XAMPP/xamppfiles/htdocs/sist/Application/Home/Controller/ArticleController.class.php 第 8 行.
NOTIC: [8192] mysql_connect(): The mysql extension is deprecated and will be removed in the future: use mysqli or PDO instead /Applications/XAMPP/xamppfiles/htdocs/sist/ThinkPHP/Library/Think/Db/Driver/Mysql.class.php 第 52 行.
SQL: SHOW COLUMNS FROM `sist_news` [ RunTime:0.001113s ]
SQL: SELECT * FROM `sist_news` WHERE ( id='' )  [ RunTime:0.000171s ]
INFO: [ view_parse ] --START--
INFO: [ template_filter ] --START--
INFO: Run Behavior\ContentReplaceBehavior [ RunTime:0.000033s ]
INFO: [ template_filter ] --END-- [ RunTime:0.000178s ]
INFO: Run Behavior\ParseTemplateBehavior [ RunTime:0.003746s ]
INFO: [ view_parse ] --END-- [ RunTime:0.003778s ]
INFO: [ view_filter ] --START--
INFO: Run Behavior\WriteHtmlCacheBehavior [ RunTime:0.000089s ]
INFO: [ view_filter ] --END-- [ RunTime:0.000110s ]
INFO: [ app_end ] --START--
INFO: Run Behavior\ShowPageTraceBehavior [ RunTime:0.000280s ]
INFO: [ app_end ] --END-- [ RunTime:0.000301s ]

[ 2015-12-07T21:49:54+08:00 ] ::1 /sist/index.php/Home/article/article.html
INFO: [ app_init ] --START--
INFO: Run Behavior\BuildLiteBehavior [ RunTime:0.000103s ]
INFO: [ app_init ] --END-- [ RunTime:0.000317s ]
INFO: [ app_begin ] --START--
INFO: Run Behavior\ReadHtmlCacheBehavior [ RunTime:0.000294s ]
INFO: [ app_begin ] --END-- [ RunTime:0.000327s ]
NOTIC: [8] Undefined index: id /Applications/XAMPP/xamppfiles/htdocs/sist/Application/Home/Controller/ArticleController.class.php 第 8 行.
NOTIC: [8192] mysql_connect(): The mysql extension is deprecated and will be removed in the future: use mysqli or PDO instead /Applications/XAMPP/xamppfiles/htdocs/sist/ThinkPHP/Library/Think/Db/Driver/Mysql.class.php 第 52 行.
SQL: SHOW COLUMNS FROM `sist_news` [ RunTime:0.002764s ]
SQL: SELECT * FROM `sist_news` WHERE ( id='' )  [ RunTime:0.000184s ]
INFO: [ view_parse ] --START--
INFO: [ template_filter ] --START--
INFO: Run Behavior\ContentReplaceBehavior [ RunTime:0.000017s ]
INFO: [ template_filter ] --END-- [ RunTime:0.000043s ]
INFO: Run Behavior\ParseTemplateBehavior [ RunTime:0.002499s ]
INFO: [ view_parse ] --END-- [ RunTime:0.002525s ]
INFO: [ view_filter ] --START--
INFO: Run Behavior\WriteHtmlCacheBehavior [ RunTime:0.000074s ]
INFO: [ view_filter ] --END-- [ RunTime:0.000093s ]
INFO: [ app_end ] --START--
INFO: Run Behavior\ShowPageTraceBehavior [ RunTime:0.000246s ]
INFO: [ app_end ] --END-- [ RunTime:0.000267s ]

[ 2015-12-07T21:49:59+08:00 ] ::1 /sist/index.php/Home/article/article.html
INFO: [ app_init ] --START--
INFO: Run Behavior\BuildLiteBehavior [ RunTime:0.000010s ]
INFO: [ app_init ] --END-- [ RunTime:0.000184s ]
INFO: [ app_begin ] --START--
INFO: Run Behavior\ReadHtmlCacheBehavior [ RunTime:0.000229s ]
INFO: [ app_begin ] --END-- [ RunTime:0.000256s ]
NOTIC: [8] Undefined index: id /Applications/XAMPP/xamppfiles/htdocs/sist/Application/Home/Controller/ArticleController.class.php 第 8 行.
NOTIC: [8192] mysql_connect(): The mysql extension is deprecated and will be removed in the future: use mysqli or PDO instead /Applications/XAMPP/xamppfiles/htdocs/sist/ThinkPHP/Library/Think/Db/Driver/Mysql.class.php 第 52 行.
SQL: SHOW COLUMNS FROM `sist_news` [ RunTime:0.001889s ]
SQL: SELECT * FROM `sist_news` WHERE ( id='' )  [ RunTime:0.000167s ]
INFO: [ view_parse ] --START--
INFO: [ template_filter ] --START--
INFO: Run Behavior\ContentReplaceBehavior [ RunTime:0.000019s ]
INFO: [ template_filter ] --END-- [ RunTime:0.000047s ]
INFO: Run Behavior\ParseTemplateBehavior [ RunTime:0.002573s ]
INFO: [ view_parse ] --END-- [ RunTime:0.002600s ]
INFO: [ view_filter ] --START--
INFO: Run Behavior\WriteHtmlCacheBehavior [ RunTime:0.000092s ]
INFO: [ view_filter ] --END-- [ RunTime:0.000111s ]
INFO: [ app_end ] --START--
INFO: Run Behavior\ShowPageTraceBehavior [ RunTime:0.000245s ]
INFO: [ app_end ] --END-- [ RunTime:0.000266s ]

[ 2015-12-07T21:50:54+08:00 ] ::1 /sist/
INFO: [ app_init ] --START--
INFO: Run Behavior\BuildLiteBehavior [ RunTime:0.000011s ]
INFO: [ app_init ] --END-- [ RunTime:0.000413s ]
INFO: [ app_begin ] --START--
INFO: Run Behavior\ReadHtmlCacheBehavior [ RunTime:0.000468s ]
INFO: [ app_begin ] --END-- [ RunTime:0.000511s ]
NOTIC: [8192] mysql_connect(): The mysql extension is deprecated and will be removed in the future: use mysqli or PDO instead /Applications/XAMPP/xamppfiles/htdocs/sist/ThinkPHP/Library/Think/Db/Driver/Mysql.class.php 第 52 行.
SQL: SHOW COLUMNS FROM `sist_news` [ RunTime:0.001116s ]
SQL: SELECT `id`,`title` FROM `sist_news` WHERE ( sortid=2 ) ORDER BY id desc LIMIT 0,9   [ RunTime:0.000756s ]
SQL: SELECT `id`,`title` FROM `sist_news` WHERE ( sortid=3 ) ORDER BY id desc LIMIT 0,9   [ RunTime:0.000252s ]
SQL: SELECT `id`,`title` FROM `sist_news` WHERE ( sortid=4 ) ORDER BY id desc LIMIT 0,8   [ RunTime:0.002288s ]
NOTIC: [8] Use of undefined constant index - assumed 'index' /Applications/XAMPP/xamppfiles/htdocs/sist/Application/Home/Controller/IndexController.class.php 第 13 行.
INFO: [ view_parse ] --START--
INFO: [ template_filter ] --START--
INFO: Run Behavior\ContentReplaceBehavior [ RunTime:0.000045s ]
INFO: [ template_filter ] --END-- [ RunTime:0.000092s ]
NOTIC: [8] Undefined variable: Classnews /Applications/XAMPP/xamppfiles/htdocs/sist/Application/Runtime/Cache/Home/2a94b8bda04ff446dcedd42276fc99ee.php 第 153 行.
NOTIC: [8] Undefined variable: Classnews /Applications/XAMPP/xamppfiles/htdocs/sist/Application/Runtime/Cache/Home/2a94b8bda04ff446dcedd42276fc99ee.php 第 153 行.
NOTIC: [8] Undefined variable: Classnews /Applications/XAMPP/xamppfiles/htdocs/sist/Application/Runtime/Cache/Home/2a94b8bda04ff446dcedd42276fc99ee.php 第 153 行.
NOTIC: [8] Undefined variable: Classnews /Applications/XAMPP/xamppfiles/htdocs/sist/Application/Runtime/Cache/Home/2a94b8bda04ff446dcedd42276fc99ee.php 第 153 行.
NOTIC: [8] Undefined variable: Classnews /Applications/XAMPP/xamppfiles/htdocs/sist/Application/Runtime/Cache/Home/2a94b8bda04ff446dcedd42276fc99ee.php 第 153 行.
NOTIC: [8] Undefined variable: Classnews /Applications/XAMPP/xamppfiles/htdocs/sist/Application/Runtime/Cache/Home/2a94b8bda04ff446dcedd42276fc99ee.php 第 153 行.
NOTIC: [8] Undefined variable: Classnews /Applications/XAMPP/xamppfiles/htdocs/sist/Application/Runtime/Cache/Home/2a94b8bda04ff446dcedd42276fc99ee.php 第 153 行.
NOTIC: [8] Undefined variable: Classnews /Applications/XAMPP/xamppfiles/htdocs/sist/Application/Runtime/Cache/Home/2a94b8bda04ff446dcedd42276fc99ee.php 第 153 行.
NOTIC: [8] Undefined variable: Classnews /Applications/XAMPP/xamppfiles/htdocs/sist/Application/Runtime/Cache/Home/2a94b8bda04ff446dcedd42276fc99ee.php 第 153 行.
NOTIC: [8] Undefined variable: Classnews /Applications/XAMPP/xamppfiles/htdocs/sist/Application/Runtime/Cache/Home/2a94b8bda04ff446dcedd42276fc99ee.php 第 160 行.
NOTIC: [8] Undefined variable: Classnews /Applications/XAMPP/xamppfiles/htdocs/sist/Application/Runtime/Cache/Home/2a94b8bda04ff446dcedd42276fc99ee.php 第 160 行.
NOTIC: [8] Undefined variable: Classnews /Applications/XAMPP/xamppfiles/htdocs/sist/Application/Runtime/Cache/Home/2a94b8bda04ff446dcedd42276fc99ee.php 第 160 行.
NOTIC: [8] Undefined variable: Classnews /Applications/XAMPP/xamppfiles/htdocs/sist/Application/Runtime/Cache/Home/2a94b8bda04ff446dcedd42276fc99ee.php 第 160 行.
NOTIC: [8] Undefined variable: Classnews /Applications/XAMPP/xamppfiles/htdocs/sist/Application/Runtime/Cache/Home/2a94b8bda04ff446dcedd42276fc99ee.php 第 160 行.
NOTIC: [8] Undefined variable: Classnews /Applications/XAMPP/xamppfiles/htdocs/sist/Application/Runtime/Cache/Home/2a94b8bda04ff446dcedd42276fc99ee.php 第 160 行.
NOTIC: [8] Undefined variable: Classnews /Applications/XAMPP/xamppfiles/htdocs/sist/Application/Runtime/Cache/Home/2a94b8bda04ff446dcedd42276fc99ee.php 第 160 行.
NOTIC: [8] Undefined variable: Classnews /Applications/XAMPP/xamppfiles/htdocs/sist/Application/Runtime/Cache/Home/2a94b8bda04ff446dcedd42276fc99ee.php 第 160 行.
NOTIC: [8] Undefined variable: Classnews /Applications/XAMPP/xamppfiles/htdocs/sist/Application/Runtime/Cache/Home/2a94b8bda04ff446dcedd42276fc99ee.php 第 160 行.
NOTIC: [8] Undefined variable: Classnews /Applications/XAMPP/xamppfiles/htdocs/sist/Application/Runtime/Cache/Home/2a94b8bda04ff446dcedd42276fc99ee.php 第 211 行.
NOTIC: [8] Undefined variable: Classnews /Applications/XAMPP/xamppfiles/htdocs/sist/Application/Runtime/Cache/Home/2a94b8bda04ff446dcedd42276fc99ee.php 第 211 行.
NOTIC: [8] Undefined variable: Classnews /Applications/XAMPP/xamppfiles/htdocs/sist/Application/Runtime/Cache/Home/2a94b8bda04ff446dcedd42276fc99ee.php 第 211 行.
NOTIC: [8] Undefined variable: Classnews /Applications/XAMPP/xamppfiles/htdocs/sist/Application/Runtime/Cache/Home/2a94b8bda04ff446dcedd42276fc99ee.php 第 211 行.
NOTIC: [8] Undefined variable: Classnews /Applications/XAMPP/xamppfiles/htdocs/sist/Application/Runtime/Cache/Home/2a94b8bda04ff446dcedd42276fc99ee.php 第 211 行.
NOTIC: [8] Undefined variable: Classnews /Applications/XAMPP/xamppfiles/htdocs/sist/Application/Runtime/Cache/Home/2a94b8bda04ff446dcedd42276fc99ee.php 第 211 行.
NOTIC: [8] Undefined variable: Classnews /Applications/XAMPP/xamppfiles/htdocs/sist/Application/Runtime/Cache/Home/2a94b8bda04ff446dcedd42276fc99ee.php 第 211 行.
NOTIC: [8] Undefined variable: Classnews /Applications/XAMPP/xamppfiles/htdocs/sist/Application/Runtime/Cache/Home/2a94b8bda04ff446dcedd42276fc99ee.php 第 211 行.
INFO: Run Behavior\ParseTemplateBehavior [ RunTime:0.009545s ]
INFO: [ view_parse ] --END-- [ RunTime:0.009587s ]
INFO: [ view_filter ] --START--
INFO: Run Behavior\WriteHtmlCacheBehavior [ RunTime:0.000363s ]
INFO: [ view_filter ] --END-- [ RunTime:0.000394s ]
INFO: [ app_end ] --START--
INFO: Run Behavior\ShowPageTraceBehavior [ RunTime:0.000545s ]
INFO: [ app_end ] --END-- [ RunTime:0.000581s ]

[ 2015-12-07T21:51:16+08:00 ] ::1 /sist/
INFO: [ app_init ] --START--
INFO: Run Behavior\BuildLiteBehavior [ RunTime:0.000010s ]
INFO: [ app_init ] --END-- [ RunTime:0.000222s ]
INFO: [ app_begin ] --START--
INFO: Run Behavior\ReadHtmlCacheBehavior [ RunTime:0.000262s ]
INFO: [ app_begin ] --END-- [ RunTime:0.000289s ]
NOTIC: [8192] mysql_connect(): The mysql extension is deprecated and will be removed in the future: use mysqli or PDO instead /Applications/XAMPP/xamppfiles/htdocs/sist/ThinkPHP/Library/Think/Db/Driver/Mysql.class.php 第 52 行.
SQL: SHOW COLUMNS FROM `sist_news` [ RunTime:0.002052s ]
SQL: SELECT `id`,`title` FROM `sist_news` WHERE ( sortid=2 ) ORDER BY id desc LIMIT 0,9   [ RunTime:0.000726s ]
SQL: SELECT `id`,`title` FROM `sist_news` WHERE ( sortid=3 ) ORDER BY id desc LIMIT 0,9   [ RunTime:0.000261s ]
SQL: SELECT `id`,`title` FROM `sist_news` WHERE ( sortid=4 ) ORDER BY id desc LIMIT 0,8   [ RunTime:0.001641s ]
NOTIC: [8] Use of undefined constant index - assumed 'index' /Applications/XAMPP/xamppfiles/htdocs/sist/Application/Home/Controller/IndexController.class.php 第 13 行.
INFO: [ view_parse ] --START--
INFO: [ template_filter ] --START--
INFO: Run Behavior\ContentReplaceBehavior [ RunTime:0.000044s ]
INFO: [ template_filter ] --END-- [ RunTime:0.000090s ]
NOTIC: [8] Undefined variable: Classnews /Applications/XAMPP/xamppfiles/htdocs/sist/Application/Runtime/Cache/Home/2a94b8bda04ff446dcedd42276fc99ee.php 第 153 行.
NOTIC: [8] Undefined variable: Classnews /Applications/XAMPP/xamppfiles/htdocs/sist/Application/Runtime/Cache/Home/2a94b8bda04ff446dcedd42276fc99ee.php 第 153 行.
NOTIC: [8] Undefined variable: Classnews /Applications/XAMPP/xamppfiles/htdocs/sist/Application/Runtime/Cache/Home/2a94b8bda04ff446dcedd42276fc99ee.php 第 153 行.
NOTIC: [8] Undefined variable: Classnews /Applications/XAMPP/xamppfiles/htdocs/sist/Application/Runtime/Cache/Home/2a94b8bda04ff446dcedd42276fc99ee.php 第 153 行.
NOTIC: [8] Undefined variable: Classnews /Applications/XAMPP/xamppfiles/htdocs/sist/Application/Runtime/Cache/Home/2a94b8bda04ff446dcedd42276fc99ee.php 第 153 行.
NOTIC: [8] Undefined variable: Classnews /Applications/XAMPP/xamppfiles/htdocs/sist/Application/Runtime/Cache/Home/2a94b8bda04ff446dcedd42276fc99ee.php 第 153 行.
NOTIC: [8] Undefined variable: Classnews /Applications/XAMPP/xamppfiles/htdocs/sist/Application/Runtime/Cache/Home/2a94b8bda04ff446dcedd42276fc99ee.php 第 153 行.
NOTIC: [8] Undefined variable: Classnews /Applications/XAMPP/xamppfiles/htdocs/sist/Application/Runtime/Cache/Home/2a94b8bda04ff446dcedd42276fc99ee.php 第 153 行.
NOTIC: [8] Undefined variable: Classnews /Applications/XAMPP/xamppfiles/htdocs/sist/Application/Runtime/Cache/Home/2a94b8bda04ff446dcedd42276fc99ee.php 第 153 行.
NOTIC: [8] Undefined variable: Classnews /Applications/XAMPP/xamppfiles/htdocs/sist/Application/Runtime/Cache/Home/2a94b8bda04ff446dcedd42276fc99ee.php 第 160 行.
NOTIC: [8] Undefined variable: Classnews /Applications/XAMPP/xamppfiles/htdocs/sist/Application/Runtime/Cache/Home/2a94b8bda04ff446dcedd42276fc99ee.php 第 160 行.
NOTIC: [8] Undefined variable: Classnews /Applications/XAMPP/xamppfiles/htdocs/sist/Application/Runtime/Cache/Home/2a94b8bda04ff446dcedd42276fc99ee.php 第 160 行.
NOTIC: [8] Undefined variable: Classnews /Applications/XAMPP/xamppfiles/htdocs/sist/Application/Runtime/Cache/Home/2a94b8bda04ff446dcedd42276fc99ee.php 第 160 行.
NOTIC: [8] Undefined variable: Classnews /Applications/XAMPP/xamppfiles/htdocs/sist/Application/Runtime/Cache/Home/2a94b8bda04ff446dcedd42276fc99ee.php 第 160 行.
NOTIC: [8] Undefined variable: Classnews /Applications/XAMPP/xamppfiles/htdocs/sist/Application/Runtime/Cache/Home/2a94b8bda04ff446dcedd42276fc99ee.php 第 160 行.
NOTIC: [8] Undefined variable: Classnews /Applications/XAMPP/xamppfiles/htdocs/sist/Application/Runtime/Cache/Home/2a94b8bda04ff446dcedd42276fc99ee.php 第 160 行.
NOTIC: [8] Undefined variable: Classnews /Applications/XAMPP/xamppfiles/htdocs/sist/Application/Runtime/Cache/Home/2a94b8bda04ff446dcedd42276fc99ee.php 第 160 行.
NOTIC: [8] Undefined variable: Classnews /Applications/XAMPP/xamppfiles/htdocs/sist/Application/Runtime/Cache/Home/2a94b8bda04ff446dcedd42276fc99ee.php 第 160 行.
NOTIC: [8] Undefined variable: Classnews /Applications/XAMPP/xamppfiles/htdocs/sist/Application/Runtime/Cache/Home/2a94b8bda04ff446dcedd42276fc99ee.php 第 211 行.
NOTIC: [8] Undefined variable: Classnews /Applications/XAMPP/xamppfiles/htdocs/sist/Application/Runtime/Cache/Home/2a94b8bda04ff446dcedd42276fc99ee.php 第 211 行.
NOTIC: [8] Undefined variable: Classnews /Applications/XAMPP/xamppfiles/htdocs/sist/Application/Runtime/Cache/Home/2a94b8bda04ff446dcedd42276fc99ee.php 第 211 行.
NOTIC: [8] Undefined variable: Classnews /Applications/XAMPP/xamppfiles/htdocs/sist/Application/Runtime/Cache/Home/2a94b8bda04ff446dcedd42276fc99ee.php 第 211 行.
NOTIC: [8] Undefined variable: Classnews /Applications/XAMPP/xamppfiles/htdocs/sist/Application/Runtime/Cache/Home/2a94b8bda04ff446dcedd42276fc99ee.php 第 211 行.
NOTIC: [8] Undefined variable: Classnews /Applications/XAMPP/xamppfiles/htdocs/sist/Application/Runtime/Cache/Home/2a94b8bda04ff446dcedd42276fc99ee.php 第 211 行.
NOTIC: [8] Undefined variable: Classnews /Applications/XAMPP/xamppfiles/htdocs/sist/Application/Runtime/Cache/Home/2a94b8bda04ff446dcedd42276fc99ee.php 第 211 行.
NOTIC: [8] Undefined variable: Classnews /Applications/XAMPP/xamppfiles/htdocs/sist/Application/Runtime/Cache/Home/2a94b8bda04ff446dcedd42276fc99ee.php 第 211 行.
INFO: Run Behavior\ParseTemplateBehavior [ RunTime:0.010040s ]
INFO: [ view_parse ] --END-- [ RunTime:0.010080s ]
INFO: [ view_filter ] --START--
INFO: Run Behavior\WriteHtmlCacheBehavior [ RunTime:0.000109s ]
INFO: [ view_filter ] --END-- [ RunTime:0.000129s ]
INFO: [ app_end ] --START--
INFO: Run Behavior\ShowPageTraceBehavior [ RunTime:0.000474s ]
INFO: [ app_end ] --END-- [ RunTime:0.000530s ]

[ 2015-12-07T21:51:18+08:00 ] ::1 /sist/index.php/Home/article/article.html
INFO: [ app_init ] --START--
INFO: Run Behavior\BuildLiteBehavior [ RunTime:0.000018s ]
INFO: [ app_init ] --END-- [ RunTime:0.000324s ]
INFO: [ app_begin ] --START--
INFO: Run Behavior\ReadHtmlCacheBehavior [ RunTime:0.000473s ]
INFO: [ app_begin ] --END-- [ RunTime:0.000534s ]
NOTIC: [8] Undefined index: id /Applications/XAMPP/xamppfiles/htdocs/sist/Application/Home/Controller/ArticleController.class.php 第 8 行.
NOTIC: [8192] mysql_connect(): The mysql extension is deprecated and will be removed in the future: use mysqli or PDO instead /Applications/XAMPP/xamppfiles/htdocs/sist/ThinkPHP/Library/Think/Db/Driver/Mysql.class.php 第 52 行.
SQL: SHOW COLUMNS FROM `sist_news` [ RunTime:0.000981s ]
SQL: SELECT * FROM `sist_news` WHERE ( id='' )  [ RunTime:0.000165s ]
INFO: [ view_parse ] --START--
INFO: [ template_filter ] --START--
INFO: Run Behavior\ContentReplaceBehavior [ RunTime:0.000019s ]
INFO: [ template_filter ] --END-- [ RunTime:0.000052s ]
INFO: Run Behavior\ParseTemplateBehavior [ RunTime:0.002994s ]
INFO: [ view_parse ] --END-- [ RunTime:0.003042s ]
INFO: [ view_filter ] --START--
INFO: Run Behavior\WriteHtmlCacheBehavior [ RunTime:0.000129s ]
INFO: [ view_filter ] --END-- [ RunTime:0.000164s ]
INFO: [ app_end ] --START--
INFO: Run Behavior\ShowPageTraceBehavior [ RunTime:0.000286s ]
INFO: [ app_end ] --END-- [ RunTime:0.000311s ]

[ 2015-12-07T21:52:11+08:00 ] ::1 /sist/
INFO: [ app_init ] --START--
INFO: Run Behavior\BuildLiteBehavior [ RunTime:0.000013s ]
INFO: [ app_init ] --END-- [ RunTime:0.000264s ]
INFO: [ app_begin ] --START--
INFO: Run Behavior\ReadHtmlCacheBehavior [ RunTime:0.000272s ]
INFO: [ app_begin ] --END-- [ RunTime:0.000302s ]
NOTIC: [8192] mysql_connect(): The mysql extension is deprecated and will be removed in the future: use mysqli or PDO instead /Applications/XAMPP/xamppfiles/htdocs/sist/ThinkPHP/Library/Think/Db/Driver/Mysql.class.php 第 52 行.
SQL: SHOW COLUMNS FROM `sist_news` [ RunTime:0.001340s ]
SQL: SELECT `id`,`title` FROM `sist_news` WHERE ( sortid=2 ) ORDER BY id desc LIMIT 0,9   [ RunTime:0.000711s ]
SQL: SELECT `id`,`title` FROM `sist_news` WHERE ( sortid=3 ) ORDER BY id desc LIMIT 0,9   [ RunTime:0.000329s ]
SQL: SELECT `id`,`title` FROM `sist_news` WHERE ( sortid=4 ) ORDER BY id desc LIMIT 0,8   [ RunTime:0.001864s ]
NOTIC: [8] Use of undefined constant index - assumed 'index' /Applications/XAMPP/xamppfiles/htdocs/sist/Application/Home/Controller/IndexController.class.php 第 13 行.
INFO: [ view_parse ] --START--
INFO: [ template_filter ] --START--
INFO: Run Behavior\ContentReplaceBehavior [ RunTime:0.000056s ]
INFO: [ template_filter ] --END-- [ RunTime:0.000109s ]
NOTIC: [8] Undefined variable: Classnews /Applications/XAMPP/xamppfiles/htdocs/sist/Application/Runtime/Cache/Home/2a94b8bda04ff446dcedd42276fc99ee.php 第 153 行.
NOTIC: [8] Undefined variable: Classnews /Applications/XAMPP/xamppfiles/htdocs/sist/Application/Runtime/Cache/Home/2a94b8bda04ff446dcedd42276fc99ee.php 第 153 行.
NOTIC: [8] Undefined variable: Classnews /Applications/XAMPP/xamppfiles/htdocs/sist/Application/Runtime/Cache/Home/2a94b8bda04ff446dcedd42276fc99ee.php 第 153 行.
NOTIC: [8] Undefined variable: Classnews /Applications/XAMPP/xamppfiles/htdocs/sist/Application/Runtime/Cache/Home/2a94b8bda04ff446dcedd42276fc99ee.php 第 153 行.
NOTIC: [8] Undefined variable: Classnews /Applications/XAMPP/xamppfiles/htdocs/sist/Application/Runtime/Cache/Home/2a94b8bda04ff446dcedd42276fc99ee.php 第 153 行.
NOTIC: [8] Undefined variable: Classnews /Applications/XAMPP/xamppfiles/htdocs/sist/Application/Runtime/Cache/Home/2a94b8bda04ff446dcedd42276fc99ee.php 第 153 行.
NOTIC: [8] Undefined variable: Classnews /Applications/XAMPP/xamppfiles/htdocs/sist/Application/Runtime/Cache/Home/2a94b8bda04ff446dcedd42276fc99ee.php 第 153 行.
NOTIC: [8] Undefined variable: Classnews /Applications/XAMPP/xamppfiles/htdocs/sist/Application/Runtime/Cache/Home/2a94b8bda04ff446dcedd42276fc99ee.php 第 153 行.
NOTIC: [8] Undefined variable: Classnews /Applications/XAMPP/xamppfiles/htdocs/sist/Application/Runtime/Cache/Home/2a94b8bda04ff446dcedd42276fc99ee.php 第 153 行.
NOTIC: [8] Undefined variable: Classnews /Applications/XAMPP/xamppfiles/htdocs/sist/Application/Runtime/Cache/Home/2a94b8bda04ff446dcedd42276fc99ee.php 第 160 行.
NOTIC: [8] Undefined variable: Classnews /Applications/XAMPP/xamppfiles/htdocs/sist/Application/Runtime/Cache/Home/2a94b8bda04ff446dcedd42276fc99ee.php 第 160 行.
NOTIC: [8] Undefined variable: Classnews /Applications/XAMPP/xamppfiles/htdocs/sist/Application/Runtime/Cache/Home/2a94b8bda04ff446dcedd42276fc99ee.php 第 160 行.
NOTIC: [8] Undefined variable: Classnews /Applications/XAMPP/xamppfiles/htdocs/sist/Application/Runtime/Cache/Home/2a94b8bda04ff446dcedd42276fc99ee.php 第 160 行.
NOTIC: [8] Undefined variable: Classnews /Applications/XAMPP/xamppfiles/htdocs/sist/Application/Runtime/Cache/Home/2a94b8bda04ff446dcedd42276fc99ee.php 第 160 行.
NOTIC: [8] Undefined variable: Classnews /Applications/XAMPP/xamppfiles/htdocs/sist/Application/Runtime/Cache/Home/2a94b8bda04ff446dcedd42276fc99ee.php 第 160 行.
NOTIC: [8] Undefined variable: Classnews /Applications/XAMPP/xamppfiles/htdocs/sist/Application/Runtime/Cache/Home/2a94b8bda04ff446dcedd42276fc99ee.php 第 160 行.
NOTIC: [8] Undefined variable: Classnews /Applications/XAMPP/xamppfiles/htdocs/sist/Application/Runtime/Cache/Home/2a94b8bda04ff446dcedd42276fc99ee.php 第 160 行.
NOTIC: [8] Undefined variable: Classnews /Applications/XAMPP/xamppfiles/htdocs/sist/Application/Runtime/Cache/Home/2a94b8bda04ff446dcedd42276fc99ee.php 第 160 行.
INFO: Run Behavior\ParseTemplateBehavior [ RunTime:0.009026s ]
INFO: [ view_parse ] --END-- [ RunTime:0.009062s ]
INFO: [ view_filter ] --START--
INFO: Run Behavior\WriteHtmlCacheBehavior [ RunTime:0.000131s ]
INFO: [ view_filter ] --END-- [ RunTime:0.000153s ]
INFO: [ app_end ] --START--
INFO: Run Behavior\ShowPageTraceBehavior [ RunTime:0.000434s ]
INFO: [ app_end ] --END-- [ RunTime:0.000505s ]

[ 2015-12-07T21:52:13+08:00 ] ::1 /sist/index.php/Home/article/article/id/324.html
INFO: [ app_init ] --START--
INFO: Run Behavior\BuildLiteBehavior [ RunTime:0.000010s ]
INFO: [ app_init ] --END-- [ RunTime:0.000210s ]
INFO: [ app_begin ] --START--
INFO: Run Behavior\ReadHtmlCacheBehavior [ RunTime:0.000353s ]
INFO: [ app_begin ] --END-- [ RunTime:0.000397s ]
NOTIC: [8192] mysql_connect(): The mysql extension is deprecated and will be removed in the future: use mysqli or PDO instead /Applications/XAMPP/xamppfiles/htdocs/sist/ThinkPHP/Library/Think/Db/Driver/Mysql.class.php 第 52 行.
SQL: SHOW COLUMNS FROM `sist_news` [ RunTime:0.001106s ]
SQL: SELECT * FROM `sist_news` WHERE ( id='324' )  [ RunTime:0.001757s ]
INFO: [ view_parse ] --START--
INFO: [ template_filter ] --START--
INFO: Run Behavior\ContentReplaceBehavior [ RunTime:0.000022s ]
INFO: [ template_filter ] --END-- [ RunTime:0.000062s ]
INFO: Run Behavior\ParseTemplateBehavior [ RunTime:0.003171s ]
INFO: [ view_parse ] --END-- [ RunTime:0.003205s ]
INFO: [ view_filter ] --START--
INFO: Run Behavior\WriteHtmlCacheBehavior [ RunTime:0.000085s ]
INFO: [ view_filter ] --END-- [ RunTime:0.000109s ]
INFO: [ app_end ] --START--
INFO: Run Behavior\ShowPageTraceBehavior [ RunTime:0.000283s ]
INFO: [ app_end ] --END-- [ RunTime:0.000306s ]

[ 2015-12-07T21:55:11+08:00 ] ::1 /sist/
INFO: [ app_init ] --START--
INFO: Run Behavior\BuildLiteBehavior [ RunTime:0.000018s ]
INFO: [ app_init ] --END-- [ RunTime:0.000325s ]
INFO: [ app_begin ] --START--
INFO: Run Behavior\ReadHtmlCacheBehavior [ RunTime:0.000406s ]
INFO: [ app_begin ] --END-- [ RunTime:0.000454s ]
NOTIC: [8192] mysql_connect(): The mysql extension is deprecated and will be removed in the future: use mysqli or PDO instead /Applications/XAMPP/xamppfiles/htdocs/sist/ThinkPHP/Library/Think/Db/Driver/Mysql.class.php 第 52 行.
SQL: SHOW COLUMNS FROM `sist_news` [ RunTime:0.002540s ]
SQL: SELECT `id`,`title` FROM `sist_news` WHERE ( sortid=2 ) ORDER BY id desc LIMIT 0,9   [ RunTime:0.001229s ]
SQL: SELECT `id`,`title` FROM `sist_news` WHERE ( sortid=3 ) ORDER BY id desc LIMIT 0,9   [ RunTime:0.000559s ]
SQL: SELECT `id`,`title` FROM `sist_news` WHERE ( sortid=4 ) ORDER BY id desc LIMIT 0,8   [ RunTime:0.002740s ]
NOTIC: [8] Use of undefined constant index - assumed 'index' /Applications/XAMPP/xamppfiles/htdocs/sist/Application/Home/Controller/IndexController.class.php 第 13 行.
INFO: [ view_parse ] --START--
INFO: [ template_filter ] --START--
INFO: Run Behavior\ContentReplaceBehavior [ RunTime:0.000068s ]
INFO: [ template_filter ] --END-- [ RunTime:0.000141s ]
INFO: Run Behavior\ParseTemplateBehavior [ RunTime:0.011185s ]
INFO: [ view_parse ] --END-- [ RunTime:0.011229s ]
INFO: [ view_filter ] --START--
INFO: Run Behavior\WriteHtmlCacheBehavior [ RunTime:0.000136s ]
INFO: [ view_filter ] --END-- [ RunTime:0.000157s ]
INFO: [ app_end ] --START--
INFO: Run Behavior\ShowPageTraceBehavior [ RunTime:0.000902s ]
INFO: [ app_end ] --END-- [ RunTime:0.001002s ]

[ 2015-12-07T21:55:13+08:00 ] ::1 /sist/index.php/Home/article/article/id/325.html
INFO: [ app_init ] --START--
INFO: Run Behavior\BuildLiteBehavior [ RunTime:0.000010s ]
INFO: [ app_init ] --END-- [ RunTime:0.000189s ]
INFO: [ app_begin ] --START--
INFO: Run Behavior\ReadHtmlCacheBehavior [ RunTime:0.000238s ]
INFO: [ app_begin ] --END-- [ RunTime:0.000263s ]
NOTIC: [8192] mysql_connect(): The mysql extension is deprecated and will be removed in the future: use mysqli or PDO instead /Applications/XAMPP/xamppfiles/htdocs/sist/ThinkPHP/Library/Think/Db/Driver/Mysql.class.php 第 52 行.
SQL: SHOW COLUMNS FROM `sist_news` [ RunTime:0.001758s ]
SQL: SELECT * FROM `sist_news` WHERE ( id='325' )  [ RunTime:0.000291s ]
INFO: [ view_parse ] --START--
INFO: [ template_filter ] --START--
INFO: Run Behavior\ContentReplaceBehavior [ RunTime:0.000018s ]
INFO: [ template_filter ] --END-- [ RunTime:0.000053s ]
INFO: Run Behavior\ParseTemplateBehavior [ RunTime:0.003425s ]
INFO: [ view_parse ] --END-- [ RunTime:0.003466s ]
INFO: [ view_filter ] --START--
INFO: Run Behavior\WriteHtmlCacheBehavior [ RunTime:0.000085s ]
INFO: [ view_filter ] --END-- [ RunTime:0.000106s ]
INFO: [ app_end ] --START--
INFO: Run Behavior\ShowPageTraceBehavior [ RunTime:0.000330s ]
INFO: [ app_end ] --END-- [ RunTime:0.000357s ]

[ 2015-12-07T21:55:15+08:00 ] ::1 /sist/index.php/Home/article/article/id/878.html
INFO: [ app_init ] --START--
INFO: Run Behavior\BuildLiteBehavior [ RunTime:0.000015s ]
INFO: [ app_init ] --END-- [ RunTime:0.000322s ]
INFO: [ app_begin ] --START--
INFO: Run Behavior\ReadHtmlCacheBehavior [ RunTime:0.000487s ]
INFO: [ app_begin ] --END-- [ RunTime:0.000546s ]
NOTIC: [8192] mysql_connect(): The mysql extension is deprecated and will be removed in the future: use mysqli or PDO instead /Applications/XAMPP/xamppfiles/htdocs/sist/ThinkPHP/Library/Think/Db/Driver/Mysql.class.php 第 52 行.
SQL: SHOW COLUMNS FROM `sist_news` [ RunTime:0.000996s ]
SQL: SELECT * FROM `sist_news` WHERE ( id='878' )  [ RunTime:0.000242s ]
INFO: [ view_parse ] --START--
INFO: [ template_filter ] --START--
INFO: Run Behavior\ContentReplaceBehavior [ RunTime:0.000030s ]
INFO: [ template_filter ] --END-- [ RunTime:0.000105s ]
INFO: Run Behavior\ParseTemplateBehavior [ RunTime:0.003350s ]
INFO: [ view_parse ] --END-- [ RunTime:0.003405s ]
INFO: [ view_filter ] --START--
INFO: Run Behavior\WriteHtmlCacheBehavior [ RunTime:0.000154s ]
INFO: [ view_filter ] --END-- [ RunTime:0.000193s ]
INFO: [ app_end ] --START--
INFO: Run Behavior\ShowPageTraceBehavior [ RunTime:0.000493s ]
INFO: [ app_end ] --END-- [ RunTime:0.000562s ]

[ 2015-12-07T21:56:47+08:00 ] ::1 /sist/index.php/Home/article/article/id/869.html
INFO: [ app_init ] --START--
INFO: Run Behavior\BuildLiteBehavior [ RunTime:0.000013s ]
INFO: [ app_init ] --END-- [ RunTime:0.000255s ]
INFO: [ app_begin ] --START--
INFO: Run Behavior\ReadHtmlCacheBehavior [ RunTime:0.000322s ]
INFO: [ app_begin ] --END-- [ RunTime:0.000360s ]
NOTIC: [8192] mysql_connect(): The mysql extension is deprecated and will be removed in the future: use mysqli or PDO instead /Applications/XAMPP/xamppfiles/htdocs/sist/ThinkPHP/Library/Think/Db/Driver/Mysql.class.php 第 52 行.
SQL: SHOW COLUMNS FROM `sist_news` [ RunTime:0.001754s ]
SQL: SELECT * FROM `sist_news` WHERE ( id='869' )  [ RunTime:0.000215s ]
INFO: [ view_parse ] --START--
INFO: [ template_filter ] --START--
INFO: Run Behavior\ContentReplaceBehavior [ RunTime:0.000023s ]
INFO: [ template_filter ] --END-- [ RunTime:0.000092s ]
INFO: Run Behavior\ParseTemplateBehavior [ RunTime:0.003972s ]
INFO: [ view_parse ] --END-- [ RunTime:0.004018s ]
INFO: [ view_filter ] --START--
INFO: Run Behavior\WriteHtmlCacheBehavior [ RunTime:0.000100s ]
INFO: [ view_filter ] --END-- [ RunTime:0.000123s ]
INFO: [ app_end ] --START--
INFO: Run Behavior\ShowPageTraceBehavior [ RunTime:0.000327s ]
INFO: [ app_end ] --END-- [ RunTime:0.000355s ]

[ 2015-12-07T22:18:30+08:00 ] ::1 /sist/
INFO: [ app_init ] --START--
INFO: Run Behavior\BuildLiteBehavior [ RunTime:0.000011s ]
INFO: [ app_init ] --END-- [ RunTime:0.000511s ]
INFO: [ app_begin ] --START--
INFO: Run Behavior\ReadHtmlCacheBehavior [ RunTime:0.000658s ]
INFO: [ app_begin ] --END-- [ RunTime:0.000719s ]
NOTIC: [8192] mysql_connect(): The mysql extension is deprecated and will be removed in the future: use mysqli or PDO instead /Applications/XAMPP/xamppfiles/htdocs/sist/ThinkPHP/Library/Think/Db/Driver/Mysql.class.php 第 52 行.
SQL: SHOW COLUMNS FROM `sist_news` [ RunTime:0.002806s ]
SQL: SELECT `id`,`title` FROM `sist_news` WHERE ( sortid=2 ) ORDER BY id desc LIMIT 0,9   [ RunTime:0.014536s ]
SQL: SELECT `id`,`title` FROM `sist_news` WHERE ( sortid=3 ) ORDER BY id desc LIMIT 0,9   [ RunTime:0.000271s ]
SQL: SELECT `id`,`title` FROM `sist_news` WHERE ( sortid=4 ) ORDER BY id desc LIMIT 0,8   [ RunTime:0.081384s ]
NOTIC: [8] Use of undefined constant index - assumed 'index' /Applications/XAMPP/xamppfiles/htdocs/sist/Application/Home/Controller/IndexController.class.php 第 13 行.
INFO: [ view_parse ] --START--
INFO: [ template_filter ] --START--
INFO: Run Behavior\ContentReplaceBehavior [ RunTime:0.000081s ]
INFO: [ template_filter ] --END-- [ RunTime:0.000167s ]
INFO: Run Behavior\ParseTemplateBehavior [ RunTime:0.058009s ]
INFO: [ view_parse ] --END-- [ RunTime:0.058060s ]
INFO: [ view_filter ] --START--
INFO: Run Behavior\WriteHtmlCacheBehavior [ RunTime:0.000391s ]
INFO: [ view_filter ] --END-- [ RunTime:0.000425s ]
INFO: [ app_end ] --START--
INFO: Run Behavior\ShowPageTraceBehavior [ RunTime:0.000662s ]
INFO: [ app_end ] --END-- [ RunTime:0.000694s ]

[ 2015-12-07T22:18:30+08:00 ] ::1 /sist/
INFO: [ app_init ] --START--
INFO: Run Behavior\BuildLiteBehavior [ RunTime:0.000016s ]
INFO: [ app_init ] --END-- [ RunTime:0.000440s ]
INFO: [ app_begin ] --START--
INFO: Run Behavior\ReadHtmlCacheBehavior [ RunTime:0.001446s ]
INFO: [ app_begin ] --END-- [ RunTime:0.001538s ]
NOTIC: [8192] mysql_connect(): The mysql extension is deprecated and will be removed in the future: use mysqli or PDO instead /Applications/XAMPP/xamppfiles/htdocs/sist/ThinkPHP/Library/Think/Db/Driver/Mysql.class.php 第 52 行.
SQL: SHOW COLUMNS FROM `sist_news` [ RunTime:0.004451s ]
SQL: SELECT `id`,`title` FROM `sist_news` WHERE ( sortid=2 ) ORDER BY id desc LIMIT 0,9   [ RunTime:0.000922s ]
SQL: SELECT `id`,`title` FROM `sist_news` WHERE ( sortid=3 ) ORDER BY id desc LIMIT 0,9   [ RunTime:0.000283s ]
SQL: SELECT `id`,`title` FROM `sist_news` WHERE ( sortid=4 ) ORDER BY id desc LIMIT 0,8   [ RunTime:0.002409s ]
NOTIC: [8] Use of undefined constant index - assumed 'index' /Applications/XAMPP/xamppfiles/htdocs/sist/Application/Home/Controller/IndexController.class.php 第 13 行.
INFO: [ view_parse ] --START--
INFO: [ template_filter ] --START--
INFO: Run Behavior\ContentReplaceBehavior [ RunTime:0.000040s ]
INFO: [ template_filter ] --END-- [ RunTime:0.000078s ]
INFO: Run Behavior\ParseTemplateBehavior [ RunTime:0.010303s ]
INFO: [ view_parse ] --END-- [ RunTime:0.010344s ]
INFO: [ view_filter ] --START--
INFO: Run Behavior\WriteHtmlCacheBehavior [ RunTime:0.000090s ]
INFO: [ view_filter ] --END-- [ RunTime:0.000111s ]
INFO: [ app_end ] --START--
INFO: Run Behavior\ShowPageTraceBehavior [ RunTime:0.000425s ]
INFO: [ app_end ] --END-- [ RunTime:0.000460s ]

[ 2015-12-07T22:52:40+08:00 ] ::1 /sist/
INFO: [ app_init ] --START--
INFO: Run Behavior\BuildLiteBehavior [ RunTime:0.000011s ]
INFO: [ app_init ] --END-- [ RunTime:0.000496s ]
INFO: [ app_begin ] --START--
INFO: Run Behavior\ReadHtmlCacheBehavior [ RunTime:0.000575s ]
INFO: [ app_begin ] --END-- [ RunTime:0.000642s ]
NOTIC: [8192] mysql_connect(): The mysql extension is deprecated and will be removed in the future: use mysqli or PDO instead /Applications/XAMPP/xamppfiles/htdocs/sist/ThinkPHP/Library/Think/Db/Driver/Mysql.class.php 第 52 行.
SQL: SHOW COLUMNS FROM `sist_news` [ RunTime:0.001395s ]
SQL: SELECT `id`,`title` FROM `sist_news` WHERE ( sortid=2 ) ORDER BY id desc LIMIT 0,9   [ RunTime:0.000753s ]
SQL: SELECT `id`,`title` FROM `sist_news` WHERE ( sortid=3 ) ORDER BY id desc LIMIT 0,9   [ RunTime:0.000294s ]
SQL: SELECT `id`,`title` FROM `sist_news` WHERE ( sortid=4 ) ORDER BY id desc LIMIT 0,8   [ RunTime:0.001730s ]
NOTIC: [8] Use of undefined constant index - assumed 'index' /Applications/XAMPP/xamppfiles/htdocs/sist/Application/Home/Controller/IndexController.class.php 第 13 行.
INFO: [ view_parse ] --START--
INFO: [ template_filter ] --START--
INFO: Run Behavior\ContentReplaceBehavior [ RunTime:0.000040s ]
INFO: [ template_filter ] --END-- [ RunTime:0.000100s ]
INFO: Run Behavior\ParseTemplateBehavior [ RunTime:0.011264s ]
INFO: [ view_parse ] --END-- [ RunTime:0.011314s ]
INFO: [ view_filter ] --START--
INFO: Run Behavior\WriteHtmlCacheBehavior [ RunTime:0.000394s ]
INFO: [ view_filter ] --END-- [ RunTime:0.000423s ]
INFO: [ app_end ] --START--
INFO: Run Behavior\ShowPageTraceBehavior [ RunTime:0.000595s ]
INFO: [ app_end ] --END-- [ RunTime:0.000633s ]

[ 2015-12-07T22:52:40+08:00 ] ::1 /sist/
INFO: [ app_init ] --START--
INFO: Run Behavior\BuildLiteBehavior [ RunTime:0.000014s ]
INFO: [ app_init ] --END-- [ RunTime:0.000580s ]
INFO: [ app_begin ] --START--
INFO: Run Behavior\ReadHtmlCacheBehavior [ RunTime:0.004260s ]
INFO: [ app_begin ] --END-- [ RunTime:0.007265s ]
NOTIC: [8192] mysql_connect(): The mysql extension is deprecated and will be removed in the future: use mysqli or PDO instead /Applications/XAMPP/xamppfiles/htdocs/sist/ThinkPHP/Library/Think/Db/Driver/Mysql.class.php 第 52 行.
SQL: SHOW COLUMNS FROM `sist_news` [ RunTime:0.002294s ]
SQL: SELECT `id`,`title` FROM `sist_news` WHERE ( sortid=2 ) ORDER BY id desc LIMIT 0,9   [ RunTime:0.000851s ]
SQL: SELECT `id`,`title` FROM `sist_news` WHERE ( sortid=3 ) ORDER BY id desc LIMIT 0,9   [ RunTime:0.000298s ]
SQL: SELECT `id`,`title` FROM `sist_news` WHERE ( sortid=4 ) ORDER BY id desc LIMIT 0,8   [ RunTime:0.001591s ]
NOTIC: [8] Use of undefined constant index - assumed 'index' /Applications/XAMPP/xamppfiles/htdocs/sist/Application/Home/Controller/IndexController.class.php 第 13 行.
INFO: [ view_parse ] --START--
INFO: [ template_filter ] --START--
INFO: Run Behavior\ContentReplaceBehavior [ RunTime:0.000041s ]
INFO: [ template_filter ] --END-- [ RunTime:0.000081s ]
INFO: Run Behavior\ParseTemplateBehavior [ RunTime:0.007994s ]
INFO: [ view_parse ] --END-- [ RunTime:0.008024s ]
INFO: [ view_filter ] --START--
INFO: Run Behavior\WriteHtmlCacheBehavior [ RunTime:0.000093s ]
INFO: [ view_filter ] --END-- [ RunTime:0.000113s ]
INFO: [ app_end ] --START--
INFO: Run Behavior\ShowPageTraceBehavior [ RunTime:0.000396s ]
INFO: [ app_end ] --END-- [ RunTime:0.000427s ]

